{"/home/travis/build/npmtest/node-npmtest-typings/test.js":{"path":"/home/travis/build/npmtest/node-npmtest-typings/test.js","s":{"1":2,"2":2,"3":2,"4":2,"5":2,"6":2,"7":2,"8":1,"9":2,"10":2,"11":1,"12":1,"13":1,"14":1,"15":2,"16":2,"17":2,"18":2,"19":1,"20":1,"21":2,"22":2,"23":2,"24":1,"25":1,"26":1,"27":1,"28":1,"29":1,"30":1,"31":1,"32":1,"33":1,"34":1,"35":1,"36":2,"37":2,"38":1,"39":2,"40":2,"41":1,"42":2,"43":2,"44":1,"45":1,"46":1,"47":1,"48":1},"b":{"1":[2,1,1,1],"2":[1,1,1,1],"3":[1,1],"4":[1,1],"5":[1,1],"6":[1,1],"7":[1,1],"8":[1,1],"9":[1,1,1],"10":[1,1],"11":[1,1],"12":[1,1],"13":[1,1],"14":[1,1],"15":[1,1]},"f":{"1":2,"2":2,"3":2,"4":2,"5":2,"6":1,"7":1,"8":2,"9":2,"10":2,"11":1},"fnMap":{"1":{"name":"(anonymous_1)","line":12,"loc":{"start":{"line":12,"column":1},"end":{"line":12,"column":13}}},"2":{"name":"(anonymous_2)","line":19,"loc":{"start":{"line":19,"column":5},"end":{"line":19,"column":17}}},"3":{"name":"(anonymous_3)","line":23,"loc":{"start":{"line":23,"column":24},"end":{"line":23,"column":36}}},"4":{"name":"(anonymous_4)","line":61,"loc":{"start":{"line":61,"column":5},"end":{"line":61,"column":17}}},"5":{"name":"(anonymous_5)","line":82,"loc":{"start":{"line":82,"column":5},"end":{"line":82,"column":17}}},"6":{"name":"(anonymous_6)","line":102,"loc":{"start":{"line":102,"column":83},"end":{"line":105,"column":10}},"skip":true},"7":{"name":"(anonymous_7)","line":113,"loc":{"start":{"line":113,"column":77},"end":{"line":116,"column":10}},"skip":true},"8":{"name":"(anonymous_8)","line":127,"loc":{"start":{"line":127,"column":77},"end":{"line":130,"column":10}},"skip":true},"9":{"name":"(anonymous_9)","line":138,"loc":{"start":{"line":138,"column":83},"end":{"line":141,"column":10}},"skip":true},"10":{"name":"(anonymous_10)","line":149,"loc":{"start":{"line":149,"column":79},"end":{"line":152,"column":10}},"skip":true},"11":{"name":"(anonymous_11)","line":160,"loc":{"start":{"line":160,"column":75},"end":{"line":163,"column":10}},"skip":true}},"statementMap":{"1":{"start":{"line":12,"column":0},"end":{"line":175,"column":5}},"2":{"start":{"line":14,"column":4},"end":{"line":14,"column":14}},"3":{"start":{"line":19,"column":4},"end":{"line":56,"column":9}},"4":{"start":{"line":21,"column":8},"end":{"line":21,"column":19}},"5":{"start":{"line":23,"column":8},"end":{"line":35,"column":13}},"6":{"start":{"line":24,"column":12},"end":{"line":34,"column":13}},"7":{"start":{"line":25,"column":16},"end":{"line":28,"column":30}},"8":{"start":{"line":30,"column":16},"end":{"line":33,"column":27}},"9":{"start":{"line":37,"column":8},"end":{"line":39,"column":21}},"10":{"start":{"line":40,"column":8},"end":{"line":53,"column":9}},"11":{"start":{"line":43,"column":12},"end":{"line":46,"column":14}},"12":{"start":{"line":47,"column":12},"end":{"line":47,"column":18}},"13":{"start":{"line":50,"column":12},"end":{"line":51,"column":46}},"14":{"start":{"line":52,"column":12},"end":{"line":52,"column":18}},"15":{"start":{"line":55,"column":8},"end":{"line":55,"column":35}},"16":{"start":{"line":61,"column":4},"end":{"line":63,"column":9}},"17":{"start":{"line":62,"column":8},"end":{"line":62,"column":15}},"18":{"start":{"line":64,"column":4},"end":{"line":77,"column":5}},"19":{"start":{"line":70,"column":8},"end":{"line":70,"column":14}},"20":{"start":{"line":76,"column":8},"end":{"line":76,"column":14}},"21":{"start":{"line":82,"column":4},"end":{"line":84,"column":9}},"22":{"start":{"line":83,"column":8},"end":{"line":83,"column":15}},"23":{"start":{"line":85,"column":4},"end":{"line":174,"column":5}},"24":{"start":{"line":92,"column":8},"end":{"line":94,"column":63}},"25":{"start":{"line":95,"column":8},"end":{"line":95,"column":14}},"26":{"start":{"line":102,"column":8},"end":{"line":111,"column":10},"skip":true},"27":{"start":{"line":109,"column":12},"end":{"line":109,"column":55},"skip":true},"28":{"start":{"line":110,"column":12},"end":{"line":110,"column":48},"skip":true},"29":{"start":{"line":113,"column":8},"end":{"line":125,"column":10},"skip":true},"30":{"start":{"line":120,"column":12},"end":{"line":120,"column":76},"skip":true},"31":{"start":{"line":121,"column":12},"end":{"line":121,"column":73},"skip":true},"32":{"start":{"line":122,"column":12},"end":{"line":122,"column":74},"skip":true},"33":{"start":{"line":123,"column":12},"end":{"line":123,"column":25},"skip":true},"34":{"start":{"line":124,"column":12},"end":{"line":124,"column":45},"skip":true},"35":{"start":{"line":127,"column":8},"end":{"line":136,"column":10},"skip":true},"36":{"start":{"line":134,"column":12},"end":{"line":134,"column":25},"skip":true},"37":{"start":{"line":135,"column":12},"end":{"line":135,"column":45},"skip":true},"38":{"start":{"line":138,"column":8},"end":{"line":147,"column":10},"skip":true},"39":{"start":{"line":145,"column":12},"end":{"line":145,"column":25},"skip":true},"40":{"start":{"line":146,"column":12},"end":{"line":146,"column":48},"skip":true},"41":{"start":{"line":149,"column":8},"end":{"line":158,"column":10},"skip":true},"42":{"start":{"line":156,"column":12},"end":{"line":156,"column":25},"skip":true},"43":{"start":{"line":157,"column":12},"end":{"line":157,"column":46},"skip":true},"44":{"start":{"line":160,"column":8},"end":{"line":169,"column":10},"skip":true},"45":{"start":{"line":167,"column":12},"end":{"line":167,"column":94},"skip":true},"46":{"start":{"line":168,"column":12},"end":{"line":168,"column":48},"skip":true},"47":{"start":{"line":172,"column":8},"end":{"line":172,"column":35},"skip":true},"48":{"start":{"line":173,"column":8},"end":{"line":173,"column":14},"skip":true}},"branchMap":{"1":{"line":25,"type":"binary-expr","locations":[{"start":{"line":25,"column":23},"end":{"line":25,"column":62}},{"start":{"line":26,"column":20},"end":{"line":26,"column":70}},{"start":{"line":27,"column":20},"end":{"line":27,"column":71}},{"start":{"line":28,"column":20},"end":{"line":28,"column":29}}]},"2":{"line":30,"type":"binary-expr","locations":[{"start":{"line":30,"column":23},"end":{"line":30,"column":37}},{"start":{"line":31,"column":20},"end":{"line":31,"column":61}},{"start":{"line":32,"column":20},"end":{"line":32,"column":70}},{"start":{"line":33,"column":20},"end":{"line":33,"column":26}}]},"3":{"line":37,"type":"cond-expr","locations":[{"start":{"line":38,"column":14},"end":{"line":38,"column":20}},{"start":{"line":39,"column":14},"end":{"line":39,"column":20}}]},"4":{"line":40,"type":"switch","locations":[{"start":{"line":42,"column":8},"end":{"line":47,"column":18}},{"start":{"line":49,"column":8},"end":{"line":52,"column":18}}]},"5":{"line":44,"type":"binary-expr","locations":[{"start":{"line":44,"column":16},"end":{"line":44,"column":44}},{"start":{"line":44,"column":48},"end":{"line":44,"column":66}}]},"6":{"line":50,"type":"binary-expr","locations":[{"start":{"line":50,"column":21},"end":{"line":50,"column":49}},{"start":{"line":50,"column":53},"end":{"line":50,"column":72}}]},"7":{"line":64,"type":"switch","locations":[{"start":{"line":69,"column":4},"end":{"line":70,"column":14}},{"start":{"line":75,"column":4},"end":{"line":76,"column":14}}]},"8":{"line":85,"type":"switch","locations":[{"start":{"line":90,"column":4},"end":{"line":95,"column":14}},{"start":{"line":101,"column":4},"end":{"line":173,"column":14},"skip":true}]},"9":{"line":92,"type":"binary-expr","locations":[{"start":{"line":92,"column":18},"end":{"line":92,"column":32}},{"start":{"line":93,"column":12},"end":{"line":93,"column":53}},{"start":{"line":94,"column":12},"end":{"line":94,"column":61}}]},"10":{"line":102,"type":"binary-expr","locations":[{"start":{"line":102,"column":45},"end":{"line":102,"column":79},"skip":true},{"start":{"line":102,"column":83},"end":{"line":111,"column":9},"skip":true}]},"11":{"line":113,"type":"binary-expr","locations":[{"start":{"line":113,"column":42},"end":{"line":113,"column":73},"skip":true},{"start":{"line":113,"column":77},"end":{"line":125,"column":9},"skip":true}]},"12":{"line":127,"type":"binary-expr","locations":[{"start":{"line":127,"column":42},"end":{"line":127,"column":73},"skip":true},{"start":{"line":127,"column":77},"end":{"line":136,"column":9},"skip":true}]},"13":{"line":138,"type":"binary-expr","locations":[{"start":{"line":138,"column":45},"end":{"line":138,"column":79},"skip":true},{"start":{"line":138,"column":83},"end":{"line":147,"column":9},"skip":true}]},"14":{"line":149,"type":"binary-expr","locations":[{"start":{"line":149,"column":43},"end":{"line":149,"column":75},"skip":true},{"start":{"line":149,"column":79},"end":{"line":158,"column":9},"skip":true}]},"15":{"line":160,"type":"binary-expr","locations":[{"start":{"line":160,"column":41},"end":{"line":160,"column":71},"skip":true},{"start":{"line":160,"column":75},"end":{"line":169,"column":9},"skip":true}]}},"code":["/* istanbul instrument in package npmtest_typings */","/*jslint","    bitwise: true,","    browser: true,","    maxerr: 8,","    maxlen: 96,","    node: true,","    nomen: true,","    regexp: true,","    stupid: true","*/","(function () {","    'use strict';","    var local;","","","","    // run shared js-env code - pre-init","    (function () {","        // init local","        local = {};","        // init modeJs","        local.modeJs = (function () {","            try {","                return typeof navigator.userAgent === 'string' &&","                    typeof document.querySelector('body') === 'object' &&","                    typeof XMLHttpRequest.prototype.open === 'function' &&","                    'browser';","            } catch (errorCaughtBrowser) {","                return module.exports &&","                    typeof process.versions.node === 'string' &&","                    typeof require('http').createServer === 'function' &&","                    'node';","            }","        }());","        // init global","        local.global = local.modeJs === 'browser'","            ? window","            : global;","        switch (local.modeJs) {","        // re-init local from window.local","        case 'browser':","            local = local.global.utility2.objectSetDefault(","                local.global.utility2_rollup || local.global.local,","                local.global.utility2","            );","            break;","        // re-init local from example.js","        case 'node':","            local = (local.global.utility2_rollup || require('utility2'))","                .requireExampleJsFromReadme();","            break;","        }","        // export local","        local.global.local = local;","    }());","","","","    // run shared js-env code - function","    (function () {","        return;","    }());","    switch (local.modeJs) {","","","","    // run browser js-env code - function","    case 'browser':","        break;","","","","    // run node js-env code - function","    case 'node':","        break;","    }","","","","    // run shared js-env code - post-init","    (function () {","        return;","    }());","    switch (local.modeJs) {","","","","    // run browser js-env code - post-init","    case 'browser':","        // run tests","        local.nop(local.modeTest &&","            document.querySelector('#testRunButton1') &&","            document.querySelector('#testRunButton1').click());","        break;","","","","    // run node js-env code - post-init","    /* istanbul ignore next */","    case 'node':","        local.testCase_buildApidoc_default = local.testCase_buildApidoc_default || function (","            options,","            onError","        ) {","        /*","         * this function will test buildApidoc's default handling-behavior-behavior","         */","            options = { modulePathList: module.paths };","            local.buildApidoc(options, onError);","        };","","        local.testCase_buildApp_default = local.testCase_buildApp_default || function (","            options,","            onError","        ) {","        /*","         * this function will test buildApp's default handling-behavior-behavior","         */","            local.testCase_buildReadme_default(options, local.onErrorThrow);","            local.testCase_buildLib_default(options, local.onErrorThrow);","            local.testCase_buildTest_default(options, local.onErrorThrow);","            options = [];","            local.buildApp(options, onError);","        };","","        local.testCase_buildLib_default = local.testCase_buildLib_default || function (","            options,","            onError","        ) {","        /*","         * this function will test buildLib's default handling-behavior","         */","            options = {};","            local.buildLib(options, onError);","        };","","        local.testCase_buildReadme_default = local.testCase_buildReadme_default || function (","            options,","            onError","        ) {","        /*","         * this function will test buildReadme's default handling-behavior-behavior","         */","            options = {};","            local.buildReadme(options, onError);","        };","","        local.testCase_buildTest_default = local.testCase_buildTest_default || function (","            options,","            onError","        ) {","        /*","         * this function will test buildTest's default handling-behavior","         */","            options = {};","            local.buildTest(options, onError);","        };","","        local.testCase_webpage_default = local.testCase_webpage_default || function (","            options,","            onError","        ) {","        /*","         * this function will test webpage's default handling-behavior","         */","            options = { modeCoverageMerge: true, url: local.serverLocalHost + '?modeTest=1' };","            local.browserTest(options, onError);","        };","","        // run test-server","        local.testRunServer(local);","        break;","    }","}());",""],"l":{"12":2,"14":2,"19":2,"21":2,"23":2,"24":2,"25":2,"30":1,"37":2,"40":2,"43":1,"47":1,"50":1,"52":1,"55":2,"61":2,"62":2,"64":2,"70":1,"76":1,"82":2,"83":2,"85":2,"92":1,"95":1,"102":1,"109":1,"110":1,"113":1,"120":1,"121":1,"122":1,"123":1,"124":1,"127":1,"134":2,"135":2,"138":1,"145":2,"146":2,"149":1,"156":2,"157":2,"160":1,"167":1,"168":1,"172":1,"173":1}},"/home/travis/build/npmtest/node-npmtest-typings/lib.npmtest_typings.js":{"path":"/home/travis/build/npmtest/node-npmtest-typings/lib.npmtest_typings.js","s":{"1":2,"2":2,"3":2,"4":2,"5":2,"6":2,"7":2,"8":1,"9":2,"10":2,"11":2,"12":2,"13":1,"14":1,"15":1,"16":1},"b":{"1":[2,1,1,1],"2":[1,1,1,1],"3":[1,1],"4":[2,2],"5":[1,1]},"f":{"1":2,"2":2,"3":2},"fnMap":{"1":{"name":"(anonymous_1)","line":12,"loc":{"start":{"line":12,"column":1},"end":{"line":12,"column":13}}},"2":{"name":"(anonymous_2)","line":19,"loc":{"start":{"line":19,"column":5},"end":{"line":19,"column":17}}},"3":{"name":"(anonymous_3)","line":23,"loc":{"start":{"line":23,"column":24},"end":{"line":23,"column":36}}}},"statementMap":{"1":{"start":{"line":12,"column":0},"end":{"line":53,"column":5}},"2":{"start":{"line":14,"column":4},"end":{"line":14,"column":14}},"3":{"start":{"line":19,"column":4},"end":{"line":52,"column":9}},"4":{"start":{"line":21,"column":8},"end":{"line":21,"column":19}},"5":{"start":{"line":23,"column":8},"end":{"line":35,"column":13}},"6":{"start":{"line":24,"column":12},"end":{"line":34,"column":13}},"7":{"start":{"line":25,"column":16},"end":{"line":28,"column":30}},"8":{"start":{"line":30,"column":16},"end":{"line":33,"column":27}},"9":{"start":{"line":37,"column":8},"end":{"line":39,"column":21}},"10":{"start":{"line":41,"column":8},"end":{"line":41,"column":54}},"11":{"start":{"line":43,"column":8},"end":{"line":43,"column":52}},"12":{"start":{"line":45,"column":8},"end":{"line":51,"column":9}},"13":{"start":{"line":46,"column":12},"end":{"line":46,"column":58}},"14":{"start":{"line":48,"column":12},"end":{"line":48,"column":35}},"15":{"start":{"line":49,"column":12},"end":{"line":49,"column":49}},"16":{"start":{"line":50,"column":12},"end":{"line":50,"column":43}}},"branchMap":{"1":{"line":25,"type":"binary-expr","locations":[{"start":{"line":25,"column":23},"end":{"line":25,"column":62}},{"start":{"line":26,"column":20},"end":{"line":26,"column":70}},{"start":{"line":27,"column":20},"end":{"line":27,"column":71}},{"start":{"line":28,"column":20},"end":{"line":28,"column":29}}]},"2":{"line":30,"type":"binary-expr","locations":[{"start":{"line":30,"column":23},"end":{"line":30,"column":37}},{"start":{"line":31,"column":20},"end":{"line":31,"column":61}},{"start":{"line":32,"column":20},"end":{"line":32,"column":70}},{"start":{"line":33,"column":20},"end":{"line":33,"column":26}}]},"3":{"line":37,"type":"cond-expr","locations":[{"start":{"line":38,"column":14},"end":{"line":38,"column":20}},{"start":{"line":39,"column":14},"end":{"line":39,"column":20}}]},"4":{"line":41,"type":"binary-expr","locations":[{"start":{"line":41,"column":16},"end":{"line":41,"column":44}},{"start":{"line":41,"column":48},"end":{"line":41,"column":53}}]},"5":{"line":45,"type":"if","locations":[{"start":{"line":45,"column":8},"end":{"line":45,"column":8}},{"start":{"line":45,"column":8},"end":{"line":45,"column":8}}]}},"code":["/* istanbul instrument in package npmtest_typings */","/*jslint","    bitwise: true,","    browser: true,","    maxerr: 8,","    maxlen: 96,","    node: true,","    nomen: true,","    regexp: true,","    stupid: true","*/","(function () {","    'use strict';","    var local;","","","","    // run shared js-env code - pre-init","    (function () {","        // init local","        local = {};","        // init modeJs","        local.modeJs = (function () {","            try {","                return typeof navigator.userAgent === 'string' &&","                    typeof document.querySelector('body') === 'object' &&","                    typeof XMLHttpRequest.prototype.open === 'function' &&","                    'browser';","            } catch (errorCaughtBrowser) {","                return module.exports &&","                    typeof process.versions.node === 'string' &&","                    typeof require('http').createServer === 'function' &&","                    'node';","            }","        }());","        // init global","        local.global = local.modeJs === 'browser'","            ? window","            : global;","        // init utility2_rollup","        local = local.global.utility2_rollup || local;","        // init lib","        local.local = local.npmtest_typings = local;","        // init exports","        if (local.modeJs === 'browser') {","            local.global.utility2_npmtest_typings = local;","        } else {","            module.exports = local;","            module.exports.__dirname = __dirname;","            module.exports.module = module;","        }","    }());","}());",""],"l":{"12":2,"14":2,"19":2,"21":2,"23":2,"24":2,"25":2,"30":1,"37":2,"41":2,"43":2,"45":2,"46":1,"48":1,"49":1,"50":1}},"/home/travis/build/npmtest/node-npmtest-typings/example.js":{"path":"/home/travis/build/npmtest/node-npmtest-typings/example.js","s":{"1":2,"2":2,"3":2,"4":2,"5":2,"6":2,"7":2,"8":1,"9":2,"10":2,"11":2,"12":2,"13":1,"14":2,"15":2,"16":2,"17":2,"18":2,"19":0,"20":2,"21":1,"22":1,"23":1,"24":1,"25":1,"26":0,"27":0,"28":1,"29":1,"30":2,"31":0,"32":0,"33":0,"34":1,"35":2,"36":2,"37":2,"38":2,"39":2,"40":2,"41":0,"42":2,"43":2,"44":2,"45":1,"46":3,"47":1,"48":1,"49":1,"50":1,"51":1,"52":1,"53":1,"54":1,"55":1,"56":1,"57":0,"58":1,"59":6,"60":6,"61":1,"62":2,"63":0,"64":2,"65":1,"66":1,"67":0,"68":0,"69":0,"70":0,"71":0,"72":0,"73":0,"74":0,"75":0,"76":0,"77":0,"78":0,"79":0,"80":0,"81":0,"82":0,"83":0},"b":{"1":[2,1,1,1],"2":[1,1,1,1],"3":[1,1],"4":[2,2],"5":[1,1],"6":[1,1],"7":[2,0],"8":[2,1,1,1,1,1],"9":[0,2,0],"10":[1,1],"11":[2,1,1],"12":[1,0],"13":[0,2],"14":[2,0,0,0,0,0,0],"15":[0,2],"16":[2,0],"17":[1,1],"18":[0,1],"19":[1,2,0,2],"20":[1,0],"21":[1,1],"22":[0,0],"23":[0,0],"24":[0,0],"25":[0,0],"26":[0,0],"27":[0,0],"28":[0,0]},"f":{"1":2,"2":2,"3":2,"4":2,"5":2,"6":2,"7":2,"8":2,"9":3,"10":1,"11":6,"12":0},"fnMap":{"1":{"name":"(anonymous_1)","line":26,"loc":{"start":{"line":26,"column":1},"end":{"line":26,"column":13}}},"2":{"name":"(anonymous_2)","line":33,"loc":{"start":{"line":33,"column":5},"end":{"line":33,"column":17}}},"3":{"name":"(anonymous_3)","line":37,"loc":{"start":{"line":37,"column":24},"end":{"line":37,"column":36}}},"4":{"name":"(anonymous_4)","line":69,"loc":{"start":{"line":69,"column":31},"end":{"line":69,"column":48}},"skip":true},"5":{"name":"(anonymous_5)","line":78,"loc":{"start":{"line":78,"column":26},"end":{"line":78,"column":45}},"skip":true},"6":{"name":"(anonymous_6)","line":123,"loc":{"start":{"line":123,"column":33},"end":{"line":123,"column":48}},"skip":true},"7":{"name":"(anonymous_7)","line":125,"loc":{"start":{"line":125,"column":27},"end":{"line":125,"column":39}},"skip":true},"8":{"name":"(anonymous_8)","line":133,"loc":{"start":{"line":133,"column":59},"end":{"line":133,"column":74}},"skip":true},"9":{"name":"(anonymous_9)","line":143,"loc":{"start":{"line":143,"column":45},"end":{"line":143,"column":62}},"skip":true},"10":{"name":"(anonymous_10)","line":144,"loc":{"start":{"line":144,"column":73},"end":{"line":144,"column":92}},"skip":true},"11":{"name":"(anonymous_11)","line":272,"loc":{"start":{"line":272,"column":51},"end":{"line":272,"column":77}},"skip":true},"12":{"name":"(anonymous_12)","line":314,"loc":{"start":{"line":314,"column":32},"end":{"line":314,"column":61}},"skip":true}},"statementMap":{"1":{"start":{"line":26,"column":0},"end":{"line":325,"column":5}},"2":{"start":{"line":28,"column":4},"end":{"line":28,"column":14}},"3":{"start":{"line":33,"column":4},"end":{"line":60,"column":9}},"4":{"start":{"line":35,"column":8},"end":{"line":35,"column":19}},"5":{"start":{"line":37,"column":8},"end":{"line":49,"column":13}},"6":{"start":{"line":38,"column":12},"end":{"line":48,"column":13}},"7":{"start":{"line":39,"column":16},"end":{"line":42,"column":30}},"8":{"start":{"line":44,"column":16},"end":{"line":47,"column":27}},"9":{"start":{"line":51,"column":8},"end":{"line":53,"column":21}},"10":{"start":{"line":55,"column":8},"end":{"line":57,"column":45}},"11":{"start":{"line":59,"column":8},"end":{"line":59,"column":35}},"12":{"start":{"line":61,"column":4},"end":{"line":324,"column":5}},"13":{"start":{"line":69,"column":8},"end":{"line":121,"column":10},"skip":true},"14":{"start":{"line":70,"column":12},"end":{"line":88,"column":13},"skip":true},"15":{"start":{"line":76,"column":16},"end":{"line":87,"column":19},"skip":true},"16":{"start":{"line":79,"column":20},"end":{"line":86,"column":21},"skip":true},"17":{"start":{"line":82,"column":24},"end":{"line":82,"column":43},"skip":true},"18":{"start":{"line":83,"column":24},"end":{"line":83,"column":30},"skip":true},"19":{"start":{"line":85,"column":24},"end":{"line":85,"column":49},"skip":true},"20":{"start":{"line":89,"column":12},"end":{"line":107,"column":13},"skip":true},"21":{"start":{"line":92,"column":16},"end":{"line":102,"column":17},"skip":true},"22":{"start":{"line":93,"column":20},"end":{"line":93,"column":86},"skip":true},"23":{"start":{"line":94,"column":20},"end":{"line":95,"column":45},"skip":true},"24":{"start":{"line":96,"column":20},"end":{"line":96,"column":42},"skip":true},"25":{"start":{"line":97,"column":20},"end":{"line":97,"column":48},"skip":true},"26":{"start":{"line":100,"column":20},"end":{"line":100,"column":85},"skip":true},"27":{"start":{"line":101,"column":20},"end":{"line":101,"column":96},"skip":true},"28":{"start":{"line":103,"column":16},"end":{"line":103,"column":22},"skip":true},"29":{"start":{"line":106,"column":16},"end":{"line":106,"column":22},"skip":true},"30":{"start":{"line":108,"column":12},"end":{"line":120,"column":13},"skip":true},"31":{"start":{"line":114,"column":16},"end":{"line":119,"column":17},"skip":true},"32":{"start":{"line":116,"column":20},"end":{"line":116,"column":78},"skip":true},"33":{"start":{"line":118,"column":20},"end":{"line":118,"column":53},"skip":true},"34":{"start":{"line":123,"column":8},"end":{"line":141,"column":11},"skip":true},"35":{"start":{"line":124,"column":12},"end":{"line":124,"column":54},"skip":true},"36":{"start":{"line":125,"column":12},"end":{"line":140,"column":14},"skip":true},"37":{"start":{"line":126,"column":16},"end":{"line":126,"column":28},"skip":true},"38":{"start":{"line":127,"column":16},"end":{"line":127,"column":69},"skip":true},"39":{"start":{"line":128,"column":16},"end":{"line":128,"column":75},"skip":true},"40":{"start":{"line":129,"column":16},"end":{"line":131,"column":17},"skip":true},"41":{"start":{"line":130,"column":20},"end":{"line":130,"column":27},"skip":true},"42":{"start":{"line":133,"column":16},"end":{"line":137,"column":36},"skip":true},"43":{"start":{"line":134,"column":20},"end":{"line":136,"column":55},"skip":true},"44":{"start":{"line":139,"column":16},"end":{"line":139,"column":57},"skip":true},"45":{"start":{"line":143,"column":8},"end":{"line":147,"column":11},"skip":true},"46":{"start":{"line":144,"column":12},"end":{"line":146,"column":15},"skip":true},"47":{"start":{"line":145,"column":16},"end":{"line":145,"column":70},"skip":true},"48":{"start":{"line":149,"column":8},"end":{"line":149,"column":31},"skip":true},"49":{"start":{"line":150,"column":8},"end":{"line":150,"column":14},"skip":true},"50":{"start":{"line":158,"column":8},"end":{"line":158,"column":31},"skip":true},"51":{"start":{"line":160,"column":8},"end":{"line":160,"column":33},"skip":true},"52":{"start":{"line":161,"column":8},"end":{"line":161,"column":37},"skip":true},"53":{"start":{"line":162,"column":8},"end":{"line":162,"column":35},"skip":true},"54":{"start":{"line":164,"column":8},"end":{"line":164,"column":50},"skip":true},"55":{"start":{"line":166,"column":8},"end":{"line":256,"column":2},"skip":true},"56":{"start":{"line":258,"column":8},"end":{"line":286,"column":9},"skip":true},"57":{"start":{"line":259,"column":12},"end":{"line":269,"column":14},"skip":true},"58":{"start":{"line":271,"column":12},"end":{"line":285,"column":19},"skip":true},"59":{"start":{"line":274,"column":20},"end":{"line":274,"column":35},"skip":true},"60":{"start":{"line":275,"column":20},"end":{"line":284,"column":21},"skip":true},"61":{"start":{"line":277,"column":24},"end":{"line":277,"column":64},"skip":true},"62":{"start":{"line":279,"column":24},"end":{"line":279,"column":40},"skip":true},"63":{"start":{"line":281,"column":24},"end":{"line":281,"column":40},"skip":true},"64":{"start":{"line":283,"column":24},"end":{"line":283,"column":39},"skip":true},"65":{"start":{"line":288,"column":8},"end":{"line":290,"column":9},"skip":true},"66":{"start":{"line":289,"column":12},"end":{"line":289,"column":18},"skip":true},"67":{"start":{"line":291,"column":8},"end":{"line":293,"column":54},"skip":true},"68":{"start":{"line":294,"column":8},"end":{"line":301,"column":37},"skip":true},"69":{"start":{"line":302,"column":8},"end":{"line":302,"column":82},"skip":true},"70":{"start":{"line":305,"column":8},"end":{"line":307,"column":9},"skip":true},"71":{"start":{"line":306,"column":12},"end":{"line":306,"column":82},"skip":true},"72":{"start":{"line":309,"column":8},"end":{"line":311,"column":9},"skip":true},"73":{"start":{"line":310,"column":12},"end":{"line":310,"column":18},"skip":true},"74":{"start":{"line":312,"column":8},"end":{"line":312,"column":54},"skip":true},"75":{"start":{"line":313,"column":8},"end":{"line":313,"column":69},"skip":true},"76":{"start":{"line":314,"column":8},"end":{"line":322,"column":36},"skip":true},"77":{"start":{"line":315,"column":12},"end":{"line":315,"column":61},"skip":true},"78":{"start":{"line":316,"column":12},"end":{"line":319,"column":13},"skip":true},"79":{"start":{"line":317,"column":16},"end":{"line":317,"column":75},"skip":true},"80":{"start":{"line":318,"column":16},"end":{"line":318,"column":23},"skip":true},"81":{"start":{"line":320,"column":12},"end":{"line":320,"column":38},"skip":true},"82":{"start":{"line":321,"column":12},"end":{"line":321,"column":27},"skip":true},"83":{"start":{"line":323,"column":8},"end":{"line":323,"column":14},"skip":true}},"branchMap":{"1":{"line":39,"type":"binary-expr","locations":[{"start":{"line":39,"column":23},"end":{"line":39,"column":62}},{"start":{"line":40,"column":20},"end":{"line":40,"column":70}},{"start":{"line":41,"column":20},"end":{"line":41,"column":71}},{"start":{"line":42,"column":20},"end":{"line":42,"column":29}}]},"2":{"line":44,"type":"binary-expr","locations":[{"start":{"line":44,"column":23},"end":{"line":44,"column":37}},{"start":{"line":45,"column":20},"end":{"line":45,"column":61}},{"start":{"line":46,"column":20},"end":{"line":46,"column":70}},{"start":{"line":47,"column":20},"end":{"line":47,"column":26}}]},"3":{"line":51,"type":"cond-expr","locations":[{"start":{"line":52,"column":14},"end":{"line":52,"column":20}},{"start":{"line":53,"column":14},"end":{"line":53,"column":20}}]},"4":{"line":55,"type":"binary-expr","locations":[{"start":{"line":55,"column":16},"end":{"line":55,"column":44}},{"start":{"line":55,"column":49},"end":{"line":57,"column":43}}]},"5":{"line":55,"type":"cond-expr","locations":[{"start":{"line":56,"column":14},"end":{"line":56,"column":51}},{"start":{"line":57,"column":14},"end":{"line":57,"column":43}}]},"6":{"line":61,"type":"switch","locations":[{"start":{"line":68,"column":4},"end":{"line":150,"column":14},"skip":true},{"start":{"line":156,"column":4},"end":{"line":323,"column":14},"skip":true}]},"7":{"line":70,"type":"if","locations":[{"start":{"line":70,"column":12},"end":{"line":70,"column":12},"skip":true},{"start":{"line":70,"column":12},"end":{"line":70,"column":12},"skip":true}]},"8":{"line":70,"type":"binary-expr","locations":[{"start":{"line":70,"column":16},"end":{"line":70,"column":22},"skip":true},{"start":{"line":70,"column":27},"end":{"line":70,"column":32},"skip":true},{"start":{"line":71,"column":20},"end":{"line":71,"column":39},"skip":true},{"start":{"line":72,"column":20},"end":{"line":72,"column":49},"skip":true},{"start":{"line":73,"column":20},"end":{"line":73,"column":58},"skip":true},{"start":{"line":74,"column":20},"end":{"line":74,"column":69},"skip":true}]},"9":{"line":79,"type":"switch","locations":[{"start":{"line":80,"column":20},"end":{"line":80,"column":33},"skip":true},{"start":{"line":81,"column":20},"end":{"line":83,"column":30},"skip":true},{"start":{"line":84,"column":20},"end":{"line":85,"column":49},"skip":true}]},"10":{"line":89,"type":"switch","locations":[{"start":{"line":90,"column":12},"end":{"line":103,"column":22},"skip":true},{"start":{"line":105,"column":12},"end":{"line":106,"column":22},"skip":true}]},"11":{"line":89,"type":"binary-expr","locations":[{"start":{"line":89,"column":20},"end":{"line":89,"column":25},"skip":true},{"start":{"line":89,"column":29},"end":{"line":89,"column":48},"skip":true},{"start":{"line":89,"column":52},"end":{"line":89,"column":74},"skip":true}]},"12":{"line":92,"type":"if","locations":[{"start":{"line":92,"column":16},"end":{"line":92,"column":16},"skip":true},{"start":{"line":92,"column":16},"end":{"line":92,"column":16},"skip":true}]},"13":{"line":108,"type":"if","locations":[{"start":{"line":108,"column":12},"end":{"line":108,"column":12},"skip":true},{"start":{"line":108,"column":12},"end":{"line":108,"column":12},"skip":true}]},"14":{"line":108,"type":"binary-expr","locations":[{"start":{"line":108,"column":16},"end":{"line":108,"column":61},"skip":true},{"start":{"line":108,"column":66},"end":{"line":108,"column":72},"skip":true},{"start":{"line":108,"column":77},"end":{"line":108,"column":82},"skip":true},{"start":{"line":109,"column":20},"end":{"line":109,"column":39},"skip":true},{"start":{"line":110,"column":20},"end":{"line":110,"column":49},"skip":true},{"start":{"line":111,"column":20},"end":{"line":111,"column":58},"skip":true},{"start":{"line":112,"column":20},"end":{"line":112,"column":68},"skip":true}]},"15":{"line":129,"type":"if","locations":[{"start":{"line":129,"column":16},"end":{"line":129,"column":16},"skip":true},{"start":{"line":129,"column":16},"end":{"line":129,"column":16},"skip":true}]},"16":{"line":134,"type":"cond-expr","locations":[{"start":{"line":135,"column":26},"end":{"line":135,"column":29},"skip":true},{"start":{"line":136,"column":26},"end":{"line":136,"column":54},"skip":true}]},"17":{"line":164,"type":"binary-expr","locations":[{"start":{"line":164,"column":27},"end":{"line":164,"column":43},"skip":true},{"start":{"line":164,"column":47},"end":{"line":164,"column":49},"skip":true}]},"18":{"line":258,"type":"if","locations":[{"start":{"line":258,"column":8},"end":{"line":258,"column":8},"skip":true},{"start":{"line":258,"column":8},"end":{"line":258,"column":8},"skip":true}]},"19":{"line":275,"type":"switch","locations":[{"start":{"line":276,"column":20},"end":{"line":277,"column":64},"skip":true},{"start":{"line":278,"column":20},"end":{"line":279,"column":40},"skip":true},{"start":{"line":280,"column":20},"end":{"line":281,"column":40},"skip":true},{"start":{"line":282,"column":20},"end":{"line":283,"column":39},"skip":true}]},"20":{"line":288,"type":"if","locations":[{"start":{"line":288,"column":8},"end":{"line":288,"column":8},"skip":true},{"start":{"line":288,"column":8},"end":{"line":288,"column":8},"skip":true}]},"21":{"line":288,"type":"binary-expr","locations":[{"start":{"line":288,"column":12},"end":{"line":288,"column":40},"skip":true},{"start":{"line":288,"column":44},"end":{"line":288,"column":67},"skip":true}]},"22":{"line":292,"type":"binary-expr","locations":[{"start":{"line":292,"column":12},"end":{"line":292,"column":50},"skip":true},{"start":{"line":293,"column":12},"end":{"line":293,"column":53},"skip":true}]},"23":{"line":295,"type":"binary-expr","locations":[{"start":{"line":295,"column":12},"end":{"line":295,"column":65},"skip":true},{"start":{"line":296,"column":12},"end":{"line":301,"column":36},"skip":true}]},"24":{"line":302,"type":"binary-expr","locations":[{"start":{"line":302,"column":43},"end":{"line":302,"column":75},"skip":true},{"start":{"line":302,"column":79},"end":{"line":302,"column":81},"skip":true}]},"25":{"line":305,"type":"if","locations":[{"start":{"line":305,"column":8},"end":{"line":305,"column":8},"skip":true},{"start":{"line":305,"column":8},"end":{"line":305,"column":8},"skip":true}]},"26":{"line":309,"type":"if","locations":[{"start":{"line":309,"column":8},"end":{"line":309,"column":8},"skip":true},{"start":{"line":309,"column":8},"end":{"line":309,"column":8},"skip":true}]},"27":{"line":312,"type":"binary-expr","locations":[{"start":{"line":312,"column":27},"end":{"line":312,"column":43},"skip":true},{"start":{"line":312,"column":47},"end":{"line":312,"column":53},"skip":true}]},"28":{"line":316,"type":"if","locations":[{"start":{"line":316,"column":12},"end":{"line":316,"column":12},"skip":true},{"start":{"line":316,"column":12},"end":{"line":316,"column":12},"skip":true}]}},"code":["/*","example.js","","quickstart example","","instruction","    1. save this script as example.js","    2. run the shell command:","        $ npm install npmtest-typings && PORT=8081 node example.js","    3. play with the browser-demo on http://127.0.0.1:8081","*/","","","","/* istanbul instrument in package npmtest_typings */","/*jslint","    bitwise: true,","    browser: true,","    maxerr: 8,","    maxlen: 96,","    node: true,","    nomen: true,","    regexp: true,","    stupid: true","*/","(function () {","    'use strict';","    var local;","","","","    // run shared js-env code - pre-init","    (function () {","        // init local","        local = {};","        // init modeJs","        local.modeJs = (function () {","            try {","                return typeof navigator.userAgent === 'string' &&","                    typeof document.querySelector('body') === 'object' &&","                    typeof XMLHttpRequest.prototype.open === 'function' &&","                    'browser';","            } catch (errorCaughtBrowser) {","                return module.exports &&","                    typeof process.versions.node === 'string' &&","                    typeof require('http').createServer === 'function' &&","                    'node';","            }","        }());","        // init global","        local.global = local.modeJs === 'browser'","            ? window","            : global;","        // init utility2_rollup","        local = local.global.utility2_rollup || (local.modeJs === 'browser'","            ? local.global.utility2_npmtest_typings","            : global.utility2_moduleExports);","        // export local","        local.global.local = local;","    }());","    switch (local.modeJs) {","","","","    // post-init","    // run browser js-env code - post-init","    /* istanbul ignore next */","    case 'browser':","        local.testRunBrowser = function (event) {","            if (!event || (event &&","                    event.currentTarget &&","                    event.currentTarget.className &&","                    event.currentTarget.className.includes &&","                    event.currentTarget.className.includes('onreset'))) {","                // reset output","                Array.from(","                    document.querySelectorAll('body > .resettable')","                ).forEach(function (element) {","                    switch (element.tagName) {","                    case 'INPUT':","                    case 'TEXTAREA':","                        element.value = '';","                        break;","                    default:","                        element.textContent = '';","                    }","                });","            }","            switch (event && event.currentTarget && event.currentTarget.id) {","            case 'testRunButton1':","                // show tests","                if (document.querySelector('#testReportDiv1').style.display === 'none') {","                    document.querySelector('#testReportDiv1').style.display = 'block';","                    document.querySelector('#testRunButton1').textContent =","                        'hide internal test';","                    local.modeTest = true;","                    local.testRunDefault(local);","                // hide tests","                } else {","                    document.querySelector('#testReportDiv1').style.display = 'none';","                    document.querySelector('#testRunButton1').textContent = 'run internal test';","                }","                break;","            // custom-case","            default:","                break;","            }","            if (document.querySelector('#inputTextareaEval1') && (!event || (event &&","                    event.currentTarget &&","                    event.currentTarget.className &&","                    event.currentTarget.className.includes &&","                    event.currentTarget.className.includes('oneval')))) {","                // try to eval input-code","                try {","                    /*jslint evil: true*/","                    eval(document.querySelector('#inputTextareaEval1').value);","                } catch (errorCaught) {","                    console.error(errorCaught.stack);","                }","            }","        };","        // log stderr and stdout to #outputTextareaStdout1","        ['error', 'log'].forEach(function (key) {","            console[key + '_original'] = console[key];","            console[key] = function () {","                var element;","                console[key + '_original'].apply(console, arguments);","                element = document.querySelector('#outputTextareaStdout1');","                if (!element) {","                    return;","                }","                // append text to #outputTextareaStdout1","                element.value += Array.from(arguments).map(function (arg) {","                    return typeof arg === 'string'","                        ? arg","                        : JSON.stringify(arg, null, 4);","                }).join(' ') + '\\n';","                // scroll textarea to bottom","                element.scrollTop = element.scrollHeight;","            };","        });","        // init event-handling","        ['change', 'click', 'keyup'].forEach(function (event) {","            Array.from(document.querySelectorAll('.on' + event)).forEach(function (element) {","                element.addEventListener(event, local.testRunBrowser);","            });","        });","        // run tests","        local.testRunBrowser();","        break;","","","","    // run node js-env code - post-init","    /* istanbul ignore next */","    case 'node':","        // export local","        module.exports = local;","        // require modules","        local.fs = require('fs');","        local.http = require('http');","        local.url = require('url');","        // init assets","        local.assetsDict = local.assetsDict || {};","        /* jslint-ignore-begin */","        local.assetsDict['/assets.index.template.html'] = '\\","<!doctype html>\\n\\","<html lang=\"en\">\\n\\","<head>\\n\\","<meta charset=\"UTF-8\">\\n\\","<meta name=\"viewport\" content=\"width=device-width, initial-scale=1\">\\n\\","<title>{{env.npm_package_name}} (v{{env.npm_package_version}})</title>\\n\\","<style>\\n\\","/*csslint\\n\\","    box-sizing: false,\\n\\","    universal-selector: false\\n\\","*/\\n\\","* {\\n\\","    box-sizing: border-box;\\n\\","}\\n\\","body {\\n\\","    background: #dde;\\n\\","    font-family: Arial, Helvetica, sans-serif;\\n\\","    margin: 2rem;\\n\\","}\\n\\","body > * {\\n\\","    margin-bottom: 1rem;\\n\\","}\\n\\",".utility2FooterDiv {\\n\\","    margin-top: 20px;\\n\\","    text-align: center;\\n\\","}\\n\\","</style>\\n\\","<style>\\n\\","/*csslint\\n\\","*/\\n\\","textarea {\\n\\","    font-family: monospace;\\n\\","    height: 10rem;\\n\\","    width: 100%;\\n\\","}\\n\\","textarea[readonly] {\\n\\","    background: #ddd;\\n\\","}\\n\\","</style>\\n\\","</head>\\n\\","<body>\\n\\","<!-- utility2-comment\\n\\","<div id=\"ajaxProgressDiv1\" style=\"background: #d00; height: 2px; left: 0; margin: 0; padding: 0; position: fixed; top: 0; transition: background 0.5s, width 1.5s; width: 25%;\"></div>\\n\\","utility2-comment -->\\n\\","<h1>\\n\\","<!-- utility2-comment\\n\\","    <a\\n\\","        {{#if env.npm_package_homepage}}\\n\\","        href=\"{{env.npm_package_homepage}}\"\\n\\","        {{/if env.npm_package_homepage}}\\n\\","        target=\"_blank\"\\n\\","    >\\n\\","utility2-comment -->\\n\\","        {{env.npm_package_name}} (v{{env.npm_package_version}})\\n\\","<!-- utility2-comment\\n\\","    </a>\\n\\","utility2-comment -->\\n\\","</h1>\\n\\","<h3>{{env.npm_package_description}}</h3>\\n\\","<!-- utility2-comment\\n\\","<h4><a download href=\"assets.app.js\">download standalone app</a></h4>\\n\\","<button class=\"onclick onreset\" id=\"testRunButton1\">run internal test</button><br>\\n\\","<div id=\"testReportDiv1\" style=\"display: none;\"></div>\\n\\","utility2-comment -->\\n\\","\\n\\","\\n\\","\\n\\","<label>stderr and stdout</label>\\n\\","<textarea class=\"resettable\" id=\"outputTextareaStdout1\" readonly></textarea>\\n\\","<!-- utility2-comment\\n\\","{{#if isRollup}}\\n\\","<script src=\"assets.app.js\"></script>\\n\\","{{#unless isRollup}}\\n\\","utility2-comment -->\\n\\","<script src=\"assets.utility2.rollup.js\"></script>\\n\\","<script src=\"jsonp.utility2._stateInit?callback=window.utility2._stateInit\"></script>\\n\\","<script src=\"assets.npmtest_typings.rollup.js\"></script>\\n\\","<script src=\"assets.example.js\"></script>\\n\\","<script src=\"assets.test.js\"></script>\\n\\","<!-- utility2-comment\\n\\","{{/if isRollup}}\\n\\","utility2-comment -->\\n\\","<div class=\"utility2FooterDiv\">\\n\\","    [ this app was created with\\n\\","    <a href=\"https://github.com/kaizhu256/node-utility2\" target=\"_blank\">utility2</a>\\n\\","    ]\\n\\","</div>\\n\\","</body>\\n\\","</html>\\n\\","';","        /* jslint-ignore-end */","        if (local.templateRender) {","            local.assetsDict['/'] = local.templateRender(","                local.assetsDict['/assets.index.template.html'],","                {","                    env: local.objectSetDefault(local.env, {","                        npm_package_description: 'the greatest app in the world!',","                        npm_package_name: 'my-app',","                        npm_package_nameAlias: 'my_app',","                        npm_package_version: '0.0.1'","                    })","                }","            );","        } else {","            local.assetsDict['/'] = local.assetsDict['/assets.index.template.html']","                .replace((/\\{\\{env\\.(\\w+?)\\}\\}/g), function (match0, match1) {","                    // jslint-hack","                    String(match0);","                    switch (match1) {","                    case 'npm_package_description':","                        return 'the greatest app in the world!';","                    case 'npm_package_name':","                        return 'my-app';","                    case 'npm_package_nameAlias':","                        return 'my_app';","                    case 'npm_package_version':","                        return '0.0.1';","                    }","                });","        }","        // run the cli","        if (local.global.utility2_rollup || module !== require.main) {","            break;","        }","        local.assetsDict['/assets.example.js'] =","            local.assetsDict['/assets.example.js'] ||","            local.fs.readFileSync(__filename, 'utf8');","        local.assetsDict['/assets.npmtest_typings.rollup.js'] =","            local.assetsDict['/assets.npmtest_typings.rollup.js'] ||","            local.fs.readFileSync(","                // buildCustomOrg-hack","                local.npmtest_typings.__dirname +","                    '/lib.npmtest_typings.js',","                'utf8'","            ).replace((/^#!/), '//');","        local.assetsDict['/favicon.ico'] = local.assetsDict['/favicon.ico'] || '';","        // if $npm_config_timeout_exit exists,","        // then exit this process after $npm_config_timeout_exit ms","        if (Number(process.env.npm_config_timeout_exit)) {","            setTimeout(process.exit, Number(process.env.npm_config_timeout_exit));","        }","        // start server","        if (local.global.utility2_serverHttp1) {","            break;","        }","        process.env.PORT = process.env.PORT || '8081';","        console.error('server starting on port ' + process.env.PORT);","        local.http.createServer(function (request, response) {","            request.urlParsed = local.url.parse(request.url);","            if (local.assetsDict[request.urlParsed.pathname] !== undefined) {","                response.end(local.assetsDict[request.urlParsed.pathname]);","                return;","            }","            response.statusCode = 404;","            response.end();","        }).listen(process.env.PORT);","        break;","    }","}());",""],"l":{"26":2,"28":2,"33":2,"35":2,"37":2,"38":2,"39":2,"44":1,"51":2,"55":2,"59":2,"61":2,"69":1,"70":2,"76":2,"79":2,"82":2,"83":2,"85":1,"89":2,"92":1,"93":1,"94":1,"96":1,"97":1,"100":1,"101":1,"103":1,"106":1,"108":2,"114":1,"116":1,"118":1,"123":1,"124":2,"125":2,"126":2,"127":2,"128":2,"129":2,"130":1,"133":2,"134":2,"139":2,"143":1,"144":3,"145":1,"149":1,"150":1,"158":1,"160":1,"161":1,"162":1,"164":1,"166":1,"258":1,"259":1,"271":1,"274":6,"275":6,"277":1,"279":2,"281":1,"283":2,"288":1,"289":1,"291":1,"294":1,"302":1,"305":1,"306":1,"309":1,"310":1,"312":1,"313":1,"314":1,"315":1,"316":1,"317":1,"318":1,"320":1,"321":1,"323":1}},"/home/travis/build/npmtest/node-npmtest-typings/typings/dist/bin.js":{"path":"/home/travis/build/npmtest/node-npmtest-typings/typings/dist/bin.js","s":{"1":1,"2":1,"3":1,"4":1,"5":1,"6":1,"7":1,"8":1,"9":1,"10":1,"11":1,"12":1,"13":1,"14":1,"15":1,"16":0,"17":1,"18":1,"19":1,"20":1,"21":0,"22":1,"23":1,"24":1,"25":0,"26":0,"27":1,"28":0,"29":0,"30":1,"31":0,"32":0,"33":1,"34":0,"35":0,"36":1,"37":0,"38":0,"39":0,"40":1,"41":0,"42":0,"43":0,"44":1,"45":0,"46":0,"47":1,"48":0,"49":0,"50":1,"51":0,"52":0,"53":1,"54":1,"55":0,"56":0,"57":0,"58":0,"59":0,"60":0,"61":1,"62":0,"63":0,"64":1,"65":1},"b":{"1":[1,1],"2":[0,1],"3":[0,0],"4":[0,1],"5":[0,1],"6":[0,0],"7":[0,0],"8":[0,0],"9":[0,1],"10":[0,0],"11":[0,0],"12":[0,1]},"f":{"1":0,"2":0,"3":0,"4":0,"5":0,"6":0,"7":0,"8":0,"9":0,"10":0,"11":1},"fnMap":{"1":{"name":"isTrue","line":34,"loc":{"start":{"line":34,"column":0},"end":{"line":34,"column":23}}},"2":{"name":"(anonymous_2)","line":45,"loc":{"start":{"line":45,"column":21},"end":{"line":45,"column":35}}},"3":{"name":"(anonymous_3)","line":49,"loc":{"start":{"line":49,"column":25},"end":{"line":49,"column":39}}},"4":{"name":"(anonymous_4)","line":54,"loc":{"start":{"line":54,"column":26},"end":{"line":54,"column":40}}},"5":{"name":"(anonymous_5)","line":58,"loc":{"start":{"line":58,"column":26},"end":{"line":58,"column":40}}},"6":{"name":"(anonymous_6)","line":62,"loc":{"start":{"line":62,"column":25},"end":{"line":62,"column":39}}},"7":{"name":"(anonymous_7)","line":68,"loc":{"start":{"line":68,"column":20},"end":{"line":68,"column":34}}},"8":{"name":"(anonymous_8)","line":73,"loc":{"start":{"line":73,"column":22},"end":{"line":73,"column":36}}},"9":{"name":"(anonymous_9)","line":77,"loc":{"start":{"line":77,"column":23},"end":{"line":77,"column":37}}},"10":{"name":"(anonymous_10)","line":81,"loc":{"start":{"line":81,"column":32},"end":{"line":81,"column":46}}},"11":{"name":"exec","line":85,"loc":{"start":{"line":85,"column":0},"end":{"line":85,"column":23}}}},"statementMap":{"1":{"start":{"line":3,"column":0},"end":{"line":3,"column":62}},"2":{"start":{"line":4,"column":0},"end":{"line":4,"column":35}},"3":{"start":{"line":5,"column":0},"end":{"line":5,"column":35}},"4":{"start":{"line":6,"column":0},"end":{"line":6,"column":40}},"5":{"start":{"line":7,"column":0},"end":{"line":7,"column":29}},"6":{"start":{"line":8,"column":0},"end":{"line":8,"column":29}},"7":{"start":{"line":9,"column":0},"end":{"line":9,"column":48}},"8":{"start":{"line":10,"column":0},"end":{"line":10,"column":30}},"9":{"start":{"line":11,"column":0},"end":{"line":11,"column":33}},"10":{"start":{"line":12,"column":0},"end":{"line":12,"column":37}},"11":{"start":{"line":13,"column":0},"end":{"line":13,"column":37}},"12":{"start":{"line":14,"column":0},"end":{"line":14,"column":37}},"13":{"start":{"line":15,"column":0},"end":{"line":15,"column":95}},"14":{"start":{"line":16,"column":0},"end":{"line":33,"column":3}},"15":{"start":{"line":34,"column":0},"end":{"line":36,"column":1}},"16":{"start":{"line":35,"column":4},"end":{"line":35,"column":45}},"17":{"start":{"line":37,"column":0},"end":{"line":37,"column":62}},"18":{"start":{"line":38,"column":0},"end":{"line":38,"column":42}},"19":{"start":{"line":39,"column":0},"end":{"line":39,"column":56}},"20":{"start":{"line":40,"column":0},"end":{"line":42,"column":1}},"21":{"start":{"line":41,"column":4},"end":{"line":41,"column":37}},"22":{"start":{"line":43,"column":0},"end":{"line":43,"column":38}},"23":{"start":{"line":44,"column":0},"end":{"line":44,"column":11}},"24":{"start":{"line":45,"column":0},"end":{"line":48,"column":3}},"25":{"start":{"line":46,"column":4},"end":{"line":46,"column":23}},"26":{"start":{"line":47,"column":4},"end":{"line":47,"column":67}},"27":{"start":{"line":49,"column":0},"end":{"line":53,"column":3}},"28":{"start":{"line":50,"column":4},"end":{"line":50,"column":45}},"29":{"start":{"line":51,"column":4},"end":{"line":52,"column":113}},"30":{"start":{"line":54,"column":0},"end":{"line":57,"column":3}},"31":{"start":{"line":55,"column":4},"end":{"line":55,"column":45}},"32":{"start":{"line":56,"column":4},"end":{"line":56,"column":56}},"33":{"start":{"line":58,"column":0},"end":{"line":61,"column":3}},"34":{"start":{"line":59,"column":4},"end":{"line":59,"column":21}},"35":{"start":{"line":60,"column":4},"end":{"line":60,"column":116}},"36":{"start":{"line":62,"column":0},"end":{"line":67,"column":3}},"37":{"start":{"line":63,"column":4},"end":{"line":63,"column":57}},"38":{"start":{"line":64,"column":4},"end":{"line":66,"column":5}},"39":{"start":{"line":65,"column":8},"end":{"line":65,"column":133}},"40":{"start":{"line":68,"column":0},"end":{"line":72,"column":3}},"41":{"start":{"line":69,"column":4},"end":{"line":69,"column":71}},"42":{"start":{"line":70,"column":4},"end":{"line":70,"column":83}},"43":{"start":{"line":71,"column":4},"end":{"line":71,"column":47}},"44":{"start":{"line":73,"column":0},"end":{"line":76,"column":3}},"45":{"start":{"line":74,"column":4},"end":{"line":74,"column":37}},"46":{"start":{"line":75,"column":4},"end":{"line":75,"column":71}},"47":{"start":{"line":77,"column":0},"end":{"line":80,"column":3}},"48":{"start":{"line":78,"column":4},"end":{"line":78,"column":23}},"49":{"start":{"line":79,"column":4},"end":{"line":79,"column":49}},"50":{"start":{"line":81,"column":0},"end":{"line":84,"column":3}},"51":{"start":{"line":82,"column":4},"end":{"line":82,"column":23}},"52":{"start":{"line":83,"column":4},"end":{"line":83,"column":50}},"53":{"start":{"line":85,"column":0},"end":{"line":102,"column":1}},"54":{"start":{"line":86,"column":4},"end":{"line":99,"column":5}},"55":{"start":{"line":87,"column":8},"end":{"line":87,"column":54}},"56":{"start":{"line":88,"column":8},"end":{"line":88,"column":40}},"57":{"start":{"line":89,"column":8},"end":{"line":94,"column":9}},"58":{"start":{"line":90,"column":12},"end":{"line":92,"column":13}},"59":{"start":{"line":91,"column":16},"end":{"line":91,"column":51}},"60":{"start":{"line":93,"column":12},"end":{"line":93,"column":72}},"61":{"start":{"line":96,"column":9},"end":{"line":99,"column":5}},"62":{"start":{"line":97,"column":8},"end":{"line":97,"column":33}},"63":{"start":{"line":98,"column":8},"end":{"line":98,"column":15}},"64":{"start":{"line":100,"column":4},"end":{"line":100,"column":31}},"65":{"start":{"line":101,"column":4},"end":{"line":101,"column":438}}},"branchMap":{"1":{"line":15,"type":"binary-expr","locations":[{"start":{"line":15,"column":20},"end":{"line":15,"column":57}},{"start":{"line":15,"column":61},"end":{"line":15,"column":94}}]},"2":{"line":30,"type":"cond-expr","locations":[{"start":{"line":30,"column":33},"end":{"line":30,"column":54}},{"start":{"line":30,"column":57},"end":{"line":30,"column":69}}]},"3":{"line":35,"type":"binary-expr","locations":[{"start":{"line":35,"column":11},"end":{"line":35,"column":24}},{"start":{"line":35,"column":28},"end":{"line":35,"column":44}}]},"4":{"line":37,"type":"cond-expr","locations":[{"start":{"line":37,"column":21},"end":{"line":37,"column":45}},{"start":{"line":37,"column":48},"end":{"line":37,"column":61}}]},"5":{"line":40,"type":"if","locations":[{"start":{"line":40,"column":0},"end":{"line":40,"column":0}},{"start":{"line":40,"column":0},"end":{"line":40,"column":0}}]},"6":{"line":64,"type":"if","locations":[{"start":{"line":64,"column":4},"end":{"line":64,"column":4}},{"start":{"line":64,"column":4},"end":{"line":64,"column":4}}]},"7":{"line":64,"type":"binary-expr","locations":[{"start":{"line":64,"column":8},"end":{"line":64,"column":22}},{"start":{"line":64,"column":26},"end":{"line":64,"column":44}}]},"8":{"line":70,"type":"cond-expr","locations":[{"start":{"line":70,"column":64},"end":{"line":70,"column":75}},{"start":{"line":70,"column":78},"end":{"line":70,"column":80}}]},"9":{"line":86,"type":"if","locations":[{"start":{"line":86,"column":4},"end":{"line":86,"column":4}},{"start":{"line":86,"column":4},"end":{"line":86,"column":4}}]},"10":{"line":89,"type":"if","locations":[{"start":{"line":89,"column":8},"end":{"line":89,"column":8}},{"start":{"line":89,"column":8},"end":{"line":89,"column":8}}]},"11":{"line":90,"type":"if","locations":[{"start":{"line":90,"column":12},"end":{"line":90,"column":12}},{"start":{"line":90,"column":12},"end":{"line":90,"column":12}}]},"12":{"line":96,"type":"if","locations":[{"start":{"line":96,"column":9},"end":{"line":96,"column":9}},{"start":{"line":96,"column":9},"end":{"line":96,"column":9}}]}},"code":["//#!/usr/bin/env node","\"use strict\";","Object.defineProperty(exports, \"__esModule\", { value: true });","var minimist = require(\"minimist\");","var wordwrap = require(\"wordwrap\");","var hasUnicode = require(\"has-unicode\");","var path_1 = require(\"path\");","var chalk = require(\"chalk\");","var updateNotifier = require(\"update-notifier\");","var extend = require(\"xtend\");","var events_1 = require(\"events\");","var cli_1 = require(\"./support/cli\");","var aliases_1 = require(\"./aliases\");","var pkg = require('../package.json');","var unicodeConfig = process.env['TYPINGS_CONFIG_UNICODE'] || process.env['NPM_CONFIG_UNICODE'];","var argv = minimist(process.argv.slice(2), {","    boolean: ['version', 'save', 'saveDev', 'savePeer', 'global', 'verbose', 'production', 'unicode'],","    string: ['cwd', 'out', 'name', 'source', 'offset', 'limit', 'sort', 'loglevel'],","    alias: {","        global: ['G'],","        version: ['v'],","        save: ['S'],","        saveDev: ['save-dev', 'D'],","        savePeer: ['savePeer', 'P'],","        verbose: ['V'],","        out: ['o'],","        help: ['h']","    },","    default: {","        unicode: unicodeConfig ? isTrue(unicodeConfig) : hasUnicode(),","        production: process.env['NODE_ENV'] === 'production'","    }","});","function isTrue(value) {","    return value === '1' || value === 'true';","}","var cwd = argv.cwd ? path_1.resolve(argv.cwd) : process.cwd();","var emitter = new events_1.EventEmitter();","var args = extend(argv, { emitter: emitter, cwd: cwd });","if (argv.loglevel) {","    cli_1.setLoglevel(argv.loglevel);","}","updateNotifier({ pkg: pkg }).notify();","exec(args);","emitter.on('enoent', function (_a) {","    var path = _a.path;","    cli_1.logWarning(\"Path \\\"\" + path + \"\\\" is missing\", 'enoent');","});","emitter.on('hastypings', function (_a) {","    var name = _a.name, typings = _a.typings;","    cli_1.logWarning(\"Typings for \\\"\" + name + \"\\\" already exist in \\\"\" + path_1.relative(cwd, typings) + \"\\\". You should \" +","        \"let TypeScript resolve the packaged typings and uninstall the copy installed by Typings\", 'hastypings');","});","emitter.on('postmessage', function (_a) {","    var message = _a.message, name = _a.name;","    cli_1.logInfo(name + \": \" + message, 'postmessage');","});","emitter.on('badlocation', function (_a) {","    var raw = _a.raw;","    cli_1.logWarning(\"\\\"\" + raw + \"\\\" is mutable and may change, consider specifying a commit hash\", 'badlocation');","});","emitter.on('deprecated', function (_a) {","    var date = _a.date, raw = _a.raw, parent = _a.parent;","    if (parent == null || parent.raw == null) {","        cli_1.logWarning(date.toLocaleDateString() + \": \\\"\" + raw + \"\\\" is deprecated (updated, replaced or removed)\", 'deprecated');","    }","});","emitter.on('prune', function (_a) {","    var name = _a.name, global = _a.global, resolution = _a.resolution;","    var suffix = chalk.gray(\" (\" + resolution + \")\" + (global ? ' (global)' : ''));","    cli_1.logInfo(\"\" + name + suffix, 'prune');","});","emitter.on('resolve', function (_a) {","    var src = _a.src, name = _a.name;","    cli_1.setStatus(\"Resolving \\\"\" + name + \"\\\" from \\\"\" + src + \"\\\"\");","});","emitter.on('resolved', function (_a) {","    var name = _a.name;","    cli_1.setStatus(\"Resolved \\\"\" + name + \"\\\"\");","});","emitter.on('compiledependency', function (_a) {","    var name = _a.name;","    cli_1.setStatus(\"Compiling \\\"\" + name + \"\\\"\");","});","function exec(options) {","    if (options._.length) {","        var command = aliases_1.aliases[options._[0]];","        var args_1 = options._.slice(1);","        if (command != null) {","            if (options.help) {","                return console.log(command.help());","            }","            return cli_1.handle(command.exec(args_1, options), options);","        }","    }","    else if (options.version) {","        console.log(pkg.version);","        return;","    }","    var wrap = wordwrap(4, 80);","    console.log(\"\\nUsage: typings <command>\\n\\nCommands:\\n\" + wrap(Object.keys(aliases_1.aliases).sort().join(', ')) + \"\\n\\ntypings <command> -h    Get help for <command>\\ntypings <command> -V    Enable verbose logging\\n\\ntypings --version       Print the CLI version\\n  [--loglevel] <level>  Set the log level (\\\"debug\\\", info\\\", \\\"warn\\\", \\\"error\\\" or \\\"silent\\\")\\n\\ntypings@\" + pkg.version + \" \" + path_1.join(__dirname, '..') + \"\\n\");","}","//# sourceMappingURL=bin.js.map"],"l":{"3":1,"4":1,"5":1,"6":1,"7":1,"8":1,"9":1,"10":1,"11":1,"12":1,"13":1,"14":1,"15":1,"16":1,"34":1,"35":0,"37":1,"38":1,"39":1,"40":1,"41":0,"43":1,"44":1,"45":1,"46":0,"47":0,"49":1,"50":0,"51":0,"54":1,"55":0,"56":0,"58":1,"59":0,"60":0,"62":1,"63":0,"64":0,"65":0,"68":1,"69":0,"70":0,"71":0,"73":1,"74":0,"75":0,"77":1,"78":0,"79":0,"81":1,"82":0,"83":0,"85":1,"86":1,"87":0,"88":0,"89":0,"90":0,"91":0,"93":0,"96":1,"97":0,"98":0,"100":1,"101":1}},"/home/travis/build/npmtest/node-npmtest-typings/typings/dist/support/cli.js":{"path":"/home/travis/build/npmtest/node-npmtest-typings/typings/dist/support/cli.js","s":{"1":1,"2":1,"3":1,"4":1,"5":1,"6":1,"7":1,"8":1,"9":1,"10":1,"11":1,"12":1,"13":1,"14":1,"15":0,"16":0,"17":0,"18":1,"19":1,"20":0,"21":1,"22":1,"23":1,"24":0,"25":0,"26":0,"27":0,"28":1,"29":1,"30":0,"31":0,"32":0,"33":0,"34":0,"35":1,"36":1,"37":0,"38":0,"39":0,"40":0,"41":0,"42":1,"43":1,"44":0,"45":0,"46":0,"47":0,"48":0,"49":1,"50":1,"51":0,"52":1,"53":1,"54":0,"55":0,"56":0,"57":0,"58":0,"59":0,"60":0,"61":1,"62":1,"63":0,"64":0,"65":1,"66":1,"67":0,"68":0,"69":0,"70":0,"71":0,"72":0,"73":1,"74":1,"75":0,"76":0,"77":1,"78":1,"79":0,"80":0,"81":1,"82":1,"83":0,"84":0,"85":0,"86":0,"87":0,"88":0,"89":0,"90":0,"91":0,"92":0,"93":0,"94":0,"95":0,"96":0,"97":0,"98":0,"99":0,"100":0,"101":0,"102":0,"103":0,"104":1,"105":1,"106":0,"107":0,"108":1,"109":0,"110":1,"111":0,"112":0,"113":0,"114":0,"115":1,"116":0,"117":0,"118":0,"119":0,"120":0,"121":0,"122":0,"123":0,"124":0,"125":1},"b":{"1":[0,0],"2":[0,0],"3":[0,0],"4":[0,0],"5":[0,0],"6":[0,0],"7":[0,0],"8":[0,0],"9":[0,0],"10":[0,0],"11":[0,0],"12":[0,0],"13":[0,0],"14":[0,0]},"f":{"1":0,"2":0,"3":0,"4":0,"5":0,"6":0,"7":0,"8":0,"9":0,"10":0,"11":0,"12":0,"13":0,"14":0,"15":0,"16":0,"17":0,"18":0,"19":0,"20":0,"21":0,"22":0},"fnMap":{"1":{"name":"log","line":15,"loc":{"start":{"line":15,"column":0},"end":{"line":15,"column":22}}},"2":{"name":"formatLine","line":21,"loc":{"start":{"line":21,"column":0},"end":{"line":21,"column":47}}},"3":{"name":"setLoglevel","line":32,"loc":{"start":{"line":32,"column":0},"end":{"line":32,"column":28}}},"4":{"name":"logInfo","line":40,"loc":{"start":{"line":40,"column":0},"end":{"line":40,"column":34}}},"5":{"name":"(anonymous_5)","line":44,"loc":{"start":{"line":44,"column":45},"end":{"line":44,"column":61}}},"6":{"name":"logWarning","line":50,"loc":{"start":{"line":50,"column":0},"end":{"line":50,"column":37}}},"7":{"name":"(anonymous_7)","line":54,"loc":{"start":{"line":54,"column":45},"end":{"line":54,"column":61}}},"8":{"name":"logError","line":60,"loc":{"start":{"line":60,"column":0},"end":{"line":60,"column":35}}},"9":{"name":"(anonymous_9)","line":64,"loc":{"start":{"line":64,"column":45},"end":{"line":64,"column":61}}},"10":{"name":"setStatus","line":70,"loc":{"start":{"line":70,"column":0},"end":{"line":70,"column":28}}},"11":{"name":"render","line":74,"loc":{"start":{"line":74,"column":0},"end":{"line":74,"column":18}}},"12":{"name":"startSpinner","line":86,"loc":{"start":{"line":86,"column":0},"end":{"line":86,"column":24}}},"13":{"name":"stopSpinner","line":91,"loc":{"start":{"line":91,"column":0},"end":{"line":91,"column":23}}},"14":{"name":"spinner","line":100,"loc":{"start":{"line":100,"column":0},"end":{"line":100,"column":26}}},"15":{"name":"handle","line":105,"loc":{"start":{"line":105,"column":0},"end":{"line":105,"column":34}}},"16":{"name":"(anonymous_16)","line":106,"loc":{"start":{"line":106,"column":42},"end":{"line":106,"column":57}}},"17":{"name":"handleError","line":109,"loc":{"start":{"line":109,"column":0},"end":{"line":109,"column":37}}},"18":{"name":"(anonymous_18)","line":123,"loc":{"start":{"line":123,"column":30},"end":{"line":123,"column":45}}},"19":{"name":"toDependencyName","line":135,"loc":{"start":{"line":135,"column":0},"end":{"line":135,"column":46}}},"20":{"name":"archifyDependencyTree","line":139,"loc":{"start":{"line":139,"column":0},"end":{"line":139,"column":40}}},"21":{"name":"children","line":144,"loc":{"start":{"line":144,"column":4},"end":{"line":144,"column":51}}},"22":{"name":"traverse","line":154,"loc":{"start":{"line":154,"column":4},"end":{"line":154,"column":36}}}},"statementMap":{"1":{"start":{"line":2,"column":0},"end":{"line":2,"column":62}},"2":{"start":{"line":3,"column":0},"end":{"line":3,"column":29}},"3":{"start":{"line":4,"column":0},"end":{"line":4,"column":29}},"4":{"start":{"line":5,"column":0},"end":{"line":5,"column":33}},"5":{"start":{"line":6,"column":0},"end":{"line":6,"column":38}},"6":{"start":{"line":7,"column":0},"end":{"line":7,"column":48}},"7":{"start":{"line":8,"column":0},"end":{"line":8,"column":39}},"8":{"start":{"line":9,"column":0},"end":{"line":9,"column":23}},"9":{"start":{"line":10,"column":0},"end":{"line":10,"column":51}},"10":{"start":{"line":11,"column":0},"end":{"line":11,"column":40}},"11":{"start":{"line":12,"column":0},"end":{"line":12,"column":16}},"12":{"start":{"line":13,"column":0},"end":{"line":13,"column":18}},"13":{"start":{"line":14,"column":0},"end":{"line":14,"column":18}},"14":{"start":{"line":15,"column":0},"end":{"line":19,"column":1}},"15":{"start":{"line":16,"column":4},"end":{"line":16,"column":22}},"16":{"start":{"line":17,"column":4},"end":{"line":17,"column":27}},"17":{"start":{"line":18,"column":4},"end":{"line":18,"column":13}},"18":{"start":{"line":20,"column":0},"end":{"line":20,"column":18}},"19":{"start":{"line":21,"column":0},"end":{"line":23,"column":1}},"20":{"start":{"line":22,"column":4},"end":{"line":22,"column":121}},"21":{"start":{"line":24,"column":0},"end":{"line":30,"column":2}},"22":{"start":{"line":31,"column":0},"end":{"line":31,"column":33}},"23":{"start":{"line":32,"column":0},"end":{"line":38,"column":1}},"24":{"start":{"line":33,"column":4},"end":{"line":36,"column":5}},"25":{"start":{"line":34,"column":8},"end":{"line":34,"column":92}},"26":{"start":{"line":35,"column":8},"end":{"line":35,"column":15}},"27":{"start":{"line":37,"column":4},"end":{"line":37,"column":41}},"28":{"start":{"line":39,"column":0},"end":{"line":39,"column":34}},"29":{"start":{"line":40,"column":0},"end":{"line":48,"column":1}},"30":{"start":{"line":41,"column":4},"end":{"line":43,"column":5}},"31":{"start":{"line":42,"column":8},"end":{"line":42,"column":15}},"32":{"start":{"line":44,"column":4},"end":{"line":46,"column":18}},"33":{"start":{"line":45,"column":8},"end":{"line":45,"column":68}},"34":{"start":{"line":47,"column":4},"end":{"line":47,"column":16}},"35":{"start":{"line":49,"column":0},"end":{"line":49,"column":26}},"36":{"start":{"line":50,"column":0},"end":{"line":58,"column":1}},"37":{"start":{"line":51,"column":4},"end":{"line":53,"column":5}},"38":{"start":{"line":52,"column":8},"end":{"line":52,"column":15}},"39":{"start":{"line":54,"column":4},"end":{"line":56,"column":18}},"40":{"start":{"line":55,"column":8},"end":{"line":55,"column":70}},"41":{"start":{"line":57,"column":4},"end":{"line":57,"column":16}},"42":{"start":{"line":59,"column":0},"end":{"line":59,"column":32}},"43":{"start":{"line":60,"column":0},"end":{"line":68,"column":1}},"44":{"start":{"line":61,"column":4},"end":{"line":63,"column":5}},"45":{"start":{"line":62,"column":8},"end":{"line":62,"column":15}},"46":{"start":{"line":64,"column":4},"end":{"line":66,"column":18}},"47":{"start":{"line":65,"column":8},"end":{"line":65,"column":67}},"48":{"start":{"line":67,"column":4},"end":{"line":67,"column":16}},"49":{"start":{"line":69,"column":0},"end":{"line":69,"column":28}},"50":{"start":{"line":70,"column":0},"end":{"line":72,"column":1}},"51":{"start":{"line":71,"column":4},"end":{"line":71,"column":28}},"52":{"start":{"line":73,"column":0},"end":{"line":73,"column":30}},"53":{"start":{"line":74,"column":0},"end":{"line":84,"column":1}},"54":{"start":{"line":75,"column":4},"end":{"line":75,"column":33}},"55":{"start":{"line":76,"column":4},"end":{"line":83,"column":5}},"56":{"start":{"line":77,"column":8},"end":{"line":77,"column":47}},"57":{"start":{"line":78,"column":8},"end":{"line":80,"column":9}},"58":{"start":{"line":79,"column":12},"end":{"line":79,"column":42}},"59":{"start":{"line":81,"column":8},"end":{"line":81,"column":60}},"60":{"start":{"line":82,"column":8},"end":{"line":82,"column":47}},"61":{"start":{"line":85,"column":0},"end":{"line":85,"column":24}},"62":{"start":{"line":86,"column":0},"end":{"line":89,"column":1}},"63":{"start":{"line":87,"column":4},"end":{"line":87,"column":35}},"64":{"start":{"line":88,"column":4},"end":{"line":88,"column":13}},"65":{"start":{"line":90,"column":0},"end":{"line":90,"column":36}},"66":{"start":{"line":91,"column":0},"end":{"line":98,"column":1}},"67":{"start":{"line":92,"column":4},"end":{"line":92,"column":32}},"68":{"start":{"line":93,"column":4},"end":{"line":93,"column":28}},"69":{"start":{"line":94,"column":4},"end":{"line":94,"column":30}},"70":{"start":{"line":95,"column":4},"end":{"line":95,"column":30}},"71":{"start":{"line":96,"column":4},"end":{"line":96,"column":22}},"72":{"start":{"line":97,"column":4},"end":{"line":97,"column":21}},"73":{"start":{"line":99,"column":0},"end":{"line":99,"column":34}},"74":{"start":{"line":100,"column":0},"end":{"line":103,"column":1}},"75":{"start":{"line":101,"column":4},"end":{"line":101,"column":19}},"76":{"start":{"line":102,"column":4},"end":{"line":102,"column":76}},"77":{"start":{"line":104,"column":0},"end":{"line":104,"column":26}},"78":{"start":{"line":105,"column":0},"end":{"line":107,"column":1}},"79":{"start":{"line":106,"column":4},"end":{"line":106,"column":96}},"80":{"start":{"line":106,"column":59},"end":{"line":106,"column":92}},"81":{"start":{"line":108,"column":0},"end":{"line":108,"column":24}},"82":{"start":{"line":109,"column":0},"end":{"line":133,"column":1}},"83":{"start":{"line":110,"column":4},"end":{"line":110,"column":28}},"84":{"start":{"line":111,"column":4},"end":{"line":111,"column":39}},"85":{"start":{"line":112,"column":4},"end":{"line":115,"column":5}},"86":{"start":{"line":113,"column":8},"end":{"line":113,"column":45}},"87":{"start":{"line":114,"column":8},"end":{"line":114,"column":28}},"88":{"start":{"line":116,"column":4},"end":{"line":119,"column":5}},"89":{"start":{"line":117,"column":8},"end":{"line":117,"column":21}},"90":{"start":{"line":118,"column":8},"end":{"line":118,"column":39}},"91":{"start":{"line":120,"column":4},"end":{"line":120,"column":17}},"92":{"start":{"line":121,"column":4},"end":{"line":121,"column":35}},"93":{"start":{"line":122,"column":4},"end":{"line":122,"column":55}},"94":{"start":{"line":123,"column":4},"end":{"line":123,"column":100}},"95":{"start":{"line":123,"column":47},"end":{"line":123,"column":74}},"96":{"start":{"line":124,"column":4},"end":{"line":124,"column":41}},"97":{"start":{"line":125,"column":4},"end":{"line":125,"column":40}},"98":{"start":{"line":126,"column":4},"end":{"line":128,"column":5}},"99":{"start":{"line":127,"column":8},"end":{"line":127,"column":37}},"100":{"start":{"line":129,"column":4},"end":{"line":129,"column":17}},"101":{"start":{"line":130,"column":4},"end":{"line":130,"column":64}},"102":{"start":{"line":131,"column":4},"end":{"line":131,"column":62}},"103":{"start":{"line":132,"column":4},"end":{"line":132,"column":20}},"104":{"start":{"line":134,"column":0},"end":{"line":134,"column":34}},"105":{"start":{"line":135,"column":0},"end":{"line":138,"column":1}},"106":{"start":{"line":136,"column":4},"end":{"line":136,"column":67}},"107":{"start":{"line":137,"column":4},"end":{"line":137,"column":55}},"108":{"start":{"line":139,"column":0},"end":{"line":165,"column":1}},"109":{"start":{"line":140,"column":4},"end":{"line":143,"column":6}},"110":{"start":{"line":144,"column":4},"end":{"line":153,"column":5}},"111":{"start":{"line":145,"column":8},"end":{"line":152,"column":9}},"112":{"start":{"line":146,"column":12},"end":{"line":146,"column":30}},"113":{"start":{"line":147,"column":12},"end":{"line":147,"column":44}},"114":{"start":{"line":148,"column":12},"end":{"line":151,"column":24}},"115":{"start":{"line":154,"column":4},"end":{"line":162,"column":5}},"116":{"start":{"line":155,"column":8},"end":{"line":155,"column":33}},"117":{"start":{"line":156,"column":8},"end":{"line":156,"column":43}},"118":{"start":{"line":157,"column":8},"end":{"line":157,"column":67}},"119":{"start":{"line":158,"column":8},"end":{"line":158,"column":69}},"120":{"start":{"line":159,"column":8},"end":{"line":159,"column":73}},"121":{"start":{"line":160,"column":8},"end":{"line":160,"column":80}},"122":{"start":{"line":161,"column":8},"end":{"line":161,"column":22}},"123":{"start":{"line":163,"column":4},"end":{"line":163,"column":46}},"124":{"start":{"line":164,"column":4},"end":{"line":164,"column":57}},"125":{"start":{"line":166,"column":0},"end":{"line":166,"column":54}}},"branchMap":{"1":{"line":22,"type":"cond-expr","locations":[{"start":{"line":22,"column":80},"end":{"line":22,"column":107}},{"start":{"line":22,"column":110},"end":{"line":22,"column":112}}]},"2":{"line":33,"type":"if","locations":[{"start":{"line":33,"column":4},"end":{"line":33,"column":4}},{"start":{"line":33,"column":4},"end":{"line":33,"column":4}}]},"3":{"line":41,"type":"if","locations":[{"start":{"line":41,"column":4},"end":{"line":41,"column":4}},{"start":{"line":41,"column":4},"end":{"line":41,"column":4}}]},"4":{"line":51,"type":"if","locations":[{"start":{"line":51,"column":4},"end":{"line":51,"column":4}},{"start":{"line":51,"column":4},"end":{"line":51,"column":4}}]},"5":{"line":61,"type":"if","locations":[{"start":{"line":61,"column":4},"end":{"line":61,"column":4}},{"start":{"line":61,"column":4},"end":{"line":61,"column":4}}]},"6":{"line":76,"type":"if","locations":[{"start":{"line":76,"column":4},"end":{"line":76,"column":4}},{"start":{"line":76,"column":4},"end":{"line":76,"column":4}}]},"7":{"line":76,"type":"binary-expr","locations":[{"start":{"line":76,"column":8},"end":{"line":76,"column":19}},{"start":{"line":76,"column":23},"end":{"line":76,"column":43}}]},"8":{"line":78,"type":"if","locations":[{"start":{"line":78,"column":8},"end":{"line":78,"column":8}},{"start":{"line":78,"column":8},"end":{"line":78,"column":8}}]},"9":{"line":116,"type":"if","locations":[{"start":{"line":116,"column":4},"end":{"line":116,"column":4}},{"start":{"line":116,"column":4},"end":{"line":116,"column":4}}]},"10":{"line":116,"type":"binary-expr","locations":[{"start":{"line":116,"column":8},"end":{"line":116,"column":23}},{"start":{"line":116,"column":27},"end":{"line":116,"column":38}}]},"11":{"line":126,"type":"if","locations":[{"start":{"line":126,"column":4},"end":{"line":126,"column":4}},{"start":{"line":126,"column":4},"end":{"line":126,"column":4}}]},"12":{"line":136,"type":"cond-expr","locations":[{"start":{"line":136,"column":34},"end":{"line":136,"column":59}},{"start":{"line":136,"column":62},"end":{"line":136,"column":66}}]},"13":{"line":137,"type":"cond-expr","locations":[{"start":{"line":137,"column":20},"end":{"line":137,"column":43}},{"start":{"line":137,"column":46},"end":{"line":137,"column":54}}]},"14":{"line":141,"type":"cond-expr","locations":[{"start":{"line":141,"column":30},"end":{"line":141,"column":74}},{"start":{"line":141,"column":77},"end":{"line":141,"column":79}}]}},"code":["\"use strict\";","Object.defineProperty(exports, \"__esModule\", { value: true });","var chalk = require(\"chalk\");","var archy = require(\"archy\");","var listify = require(\"listify\");","var logUpdate = require(\"log-update\");","var elegantSpinner = require(\"elegant-spinner\");","var truncate = require(\"cli-truncate\");","var os = require(\"os\");","var promise_finally_1 = require(\"promise-finally\");","var pkg = require('../../package.json');","var statusFrame;","var statusTimeout;","var statusMessage;","function log(message) {","    logUpdate.clear();","    console.error(message);","    render();","}","exports.log = log;","function formatLine(color, type, line, prefix) {","    return chalk.bgBlack.white('typings') + \" \" + color(type) + \" \" + (prefix ? chalk.magenta(prefix + \" \") : '') + line;","}","var loglevels = {","    debug: 0,","    info: 1,","    warn: 2,","    error: 3,","    silent: 4","};","var loglevel = loglevels['info'];","function setLoglevel(level) {","    if (!loglevels.hasOwnProperty(level)) {","        logError(\"invalid log level (options are \" + listify(Object.keys(loglevels)) + \")\");","        return;","    }","    return (loglevel = loglevels[level]);","}","exports.setLoglevel = setLoglevel;","function logInfo(message, prefix) {","    if (loglevel > loglevels['info']) {","        return;","    }","    var output = message.split(/\\r?\\n/g).map(function (line) {","        return formatLine(chalk.bgBlack.cyan, 'INFO', line, prefix);","    }).join('\\n');","    log(output);","}","exports.logInfo = logInfo;","function logWarning(message, prefix) {","    if (loglevel > loglevels['warn']) {","        return;","    }","    var output = message.split(/\\r?\\n/g).map(function (line) {","        return formatLine(chalk.bgYellow.black, 'WARN', line, prefix);","    }).join('\\n');","    log(output);","}","exports.logWarning = logWarning;","function logError(message, prefix) {","    if (loglevel > loglevels['error']) {","        return;","    }","    var output = message.split(/\\r?\\n/g).map(function (line) {","        return formatLine(chalk.bgBlack.red, 'ERR!', line, prefix);","    }).join('\\n');","    log(output);","}","exports.logError = logError;","function setStatus(message) {","    statusMessage = message;","}","exports.setStatus = setStatus;","function render() {","    clearInterval(statusTimeout);","    if (statusFrame && process.stdout.isTTY) {","        var status = chalk.cyan(statusFrame());","        if (statusMessage) {","            status += \" \" + statusMessage;","        }","        logUpdate(truncate(status, process.stdout.columns));","        statusTimeout = setTimeout(render, 50);","    }","}","exports.render = render;","function startSpinner() {","    statusFrame = elegantSpinner();","    render();","}","exports.startSpinner = startSpinner;","function stopSpinner() {","    clearTimeout(statusTimeout);","    statusFrame = undefined;","    statusTimeout = undefined;","    statusMessage = undefined;","    logUpdate.clear();","    logUpdate.done();","}","exports.stopSpinner = stopSpinner;","function spinner(promise) {","    startSpinner();","    return promise_finally_1.default(Promise.resolve(promise), stopSpinner);","}","exports.spinner = spinner;","function handle(promise, options) {","    return Promise.resolve(promise).catch(function (err) { return handleError(err, options); });","}","exports.handle = handle;","function handleError(error, options) {","    var cause = error.cause;","    logError(error.message, 'message');","    while (cause) {","        logError(cause.message, 'caused by');","        cause = cause.cause;","    }","    if (options.verbose && error.stack) {","        log
[...]
lumn":28},"end":{"line":23,"column":42}}},"5":{"name":"(anonymous_5)","line":27,"loc":{"start":{"line":27,"column":37},"end":{"line":27,"column":51}}},"6":{"name":"(anonymous_6)","line":29,"loc":{"start":{"line":29,"column":49},"end":{"line":29,"column":62}}},"7":{"name":"(anonymous_7)","line":35,"loc":{"start":{"line":35,"column":14},"end":{"line":35,"column":33}}}},"statementMap":{"1":{"start":{"line":2,"column":0},"end":{"line":2,"column":62}},"2":{"start":{"line":3,"column":0},"end":{"line":3,"column":33}},"3":{"start":{"line":4,"column":0},"end":{"line":4,"column":45}},"4":{"start":{"line":5,"column":0},"end":{"line":5,"column":37}},"5":{"start":{"line":6,"column":0},"end":{"line":8,"column":1}},"6":{"start":{"line":7,"column":4},"end":{"line":7,"column":1588}},"7":{"start":{"line":9,"column":0},"end":{"line":9,"column":20}},"8":{"start":{"line":10,"column":0},"end":{"line":42,"column":1}},"9":{"start":{"line":11,"column":4},"end":{"line":11,"column":61}},"10":{"start":{"line":12,"column":4},"end":{"line":15,"column":5}},"11":{"start":{"line":13,"column":8},"end":{"line":13,"column":102}},"12":{"start":{"line":14,"column":8},"end":{"line":14,"column":15}},"13":{"start":{"line":16,"column":4},"end":{"line":22,"column":5}},"14":{"start":{"line":17,"column":8},"end":{"line":21,"column":11}},"15":{"start":{"line":19,"column":12},"end":{"line":19,"column":55}},"16":{"start":{"line":20,"column":12},"end":{"line":20,"column":99}},"17":{"start":{"line":23,"column":4},"end":{"line":26,"column":7}},"18":{"start":{"line":24,"column":8},"end":{"line":24,"column":81}},"19":{"start":{"line":25,"column":8},"end":{"line":25,"column":142}},"20":{"start":{"line":27,"column":4},"end":{"line":33,"column":7}},"21":{"start":{"line":28,"column":8},"end":{"line":28,"column":59}},"22":{"start":{"line":29,"column":8},"end":{"line":29,"column":93}},"23":{"start":{"line":29,"column":64},"end":{"line":29,"column":89}},"24":{"start":{"line":30,"column":8},"end":{"line":32,"column":9}},"25":{"start":{"line":31,"column":12},"end":{"line":31,"column":151}},"26":{"start":{"line":34,"column":4},"end":{"line":41,"column":7}},"27":{"start":{"line":36,"column":8},"end":{"line":40,"column":9}},"28":{"start":{"line":37,"column":12},"end":{"line":37,"column":39}},"29":{"start":{"line":38,"column":12},"end":{"line":38,"column":55}},"30":{"start":{"line":39,"column":12},"end":{"line":39,"column":99}},"31":{"start":{"line":43,"column":0},"end":{"line":43,"column":20}}},"branchMap":{"1":{"line":12,"type":"if","locations":[{"start":{"line":12,"column":4},"end":{"line":12,"column":4}},{"start":{"line":12,"column":4},"end":{"line":12,"column":4}}]},"2":{"line":16,"type":"if","locations":[{"start":{"line":16,"column":4},"end":{"line":16,"column":4}},{"start":{"line":16,"column":4},"end":{"line":16,"column":4}}]},"3":{"line":30,"type":"if","locations":[{"start":{"line":30,"column":8},"end":{"line":30,"column":8}},{"start":{"line":30,"column":8},"end":{"line":30,"column":8}}]}},"code":["\"use strict\";","Object.defineProperty(exports, \"__esModule\", { value: true });","var listify = require(\"listify\");","var typings_core_1 = require(\"typings-core\");","var cli_1 = require(\"./support/cli\");","function help() {","    return \"\\ntypings install (with no arguments, in package directory)\\ntypings install [<name>=]<location>\\n\\n  <name>      Alternate name of the definition\\n  <location>  The location to read from (described below)\\n\\nValid Locations:\\n  [<source>~]<pkg>[@<version>][#<tag>]\\n  file:<path>\\n  github:<org>/<repo>[/<path>][#<commitish>]\\n  bitbucket:<org>/<repo>[/<path>][#<commitish>]\\n  npm:<pkg>[/<path>]\\n  bower:<pkg>[/<path>]\\n  jspm:<pkg> (for jspm@0.17+)\\n  http(s)://<host>/<path>\\n\\n  <source>    The registry mirror: \\\"npm\\\", \\\"bower\\\", \\\"env\\\", \\\"global\\\", \\\"lib\\\" or \\\"dt\\\"\\n              When not specified, `defaultSource` in `.typingsrc` will be used.\\n  <path>      Path to a `.d.ts` file or `typings.json`\\n  <host>      A domain name (with optional port)\\n  <version>   A semver range (E.g. \\\">=4.0\\\")\\n  <tag>       The specific tag of a registry entry\\n  <commitish> A git commit, tag or branch\\n\\nOptions:\\n  [--save|-S]       Persist to \\\"dependencies\\\"\\n  [--save-dev|-D]   Persist to \\\"devDependencies\\\"\\n  [--save-peer|-P]  Persist to \\\"peerDependencies\\\"\\n  [--global|-G]     Install and persist as a global definition\\n    [-SG]           Persist to \\\"globalDependencies\\\"\\n    [-DG]           Persist to \\\"globalDevDependencies\\\"\\n  [--production]    Install only production dependencies (omits dev dependencies) and\\n                    is implictly set when environment variable NODE_ENV=production\\n  [--no-production] Install production and dev dependencies (overrides environment\\n                    variable NODE_ENV=production)\\n\\nAliases: i, in\\n\";","}","exports.help = help;","function exec(args, options) {","    var emitter = options.emitter, unicode = options.unicode;","    if (typeof options.ambient !== 'undefined') {","        cli_1.logError('The \"ambient\" flag is deprecated. Please use \"global\" instead', 'deprecated');","        return;","    }","    if (args.length === 0) {","        return cli_1.spinner(typings_core_1.install(options))","            .then(function (result) {","            var name = result.name, tree = result.tree;","            console.log(cli_1.archifyDependencyTree({ name: name, tree: tree, unicode: unicode }));","        });","    }","    emitter.on('reference', function (_a) {","        var reference = _a.reference, resolution = _a.resolution, name = _a.name;","        cli_1.logInfo(\"Stripped reference \\\"\" + reference + \"\\\" during installation from \\\"\" + name + \"\\\" (\" + resolution + \")\", 'reference');","    });","    emitter.on('globaldependencies', function (_a) {","        var name = _a.name, dependencies = _a.dependencies;","        var deps = Object.keys(dependencies).map(function (x) { return JSON.stringify(x); });","        if (deps.length) {","            cli_1.logInfo(\"\\\"\" + name + \"\\\" lists global dependencies on \" + listify(deps) + \" that must be installed manually\", 'globaldependencies');","        }","    });","    return cli_1.spinner(typings_core_1.installDependenciesRaw(args, options))","        .then(function (results) {","        for (var _i = 0, results_1 = results; _i < results_1.length; _i++) {","            var result = results_1[_i];","            var name = result.name, tree = result.tree;","            console.log(cli_1.archifyDependencyTree({ name: name, tree: tree, unicode: unicode }));","        }","    });","}","exports.exec = exec;","//# sourceMappingURL=bin-install.js.map"],"l":{"2":1,"3":1,"4":1,"5":1,"6":1,"7":0,"9":1,"10":1,"11":0,"12":0,"13":0,"14":0,"16":0,"17":0,"19":0,"20":0,"23":0,"24":0,"25":0,"27":0,"28":0,"29":0,"30":0,"31":0,"34":0,"36":0,"37":0,"38":0,"39":0,"43":1}},"/home/travis/build/npmtest/node-npmtest-typings/typings/dist/bin-list.js":{"path":"/home/travis/build/npmtest/node-npmtest-typings/typings/dist/bin-list.js","s":{"1":1,"2":1,"3":1,"4":1,"5":0,"6":1,"7":1,"8":0,"9":0,"10":1},"b":{},"f":{"1":0,"2":0,"3":0},"fnMap":{"1":{"name":"help","line":5,"loc":{"start":{"line":5,"column":0},"end":{"line":5,"column":16}}},"2":{"name":"exec","line":9,"loc":{"start":{"line":9,"column":0},"end":{"line":9,"column":29}}},"3":{"name":"(anonymous_3)","line":11,"loc":{"start":{"line":11,"column":14},"end":{"line":11,"column":30}}}},"statementMap":{"1":{"start":{"line":2,"column":0},"end":{"line":2,"column":62}},"2":{"start":{"line":3,"column":0},"end":{"line":3,"column":37}},"3":{"start":{"line":4,"column":0},"end":{"line":4,"column":45}},"4":{"start":{"line":5,"column":0},"end":{"line":7,"column":1}},"5":{"start":{"line":6,"column":4},"end":{"line":6,"column":141}},"6":{"start":{"line":8,"column":0},"end":{"line":8,"column":20}},"7":{"start":{"line":9,"column":0},"end":{"line":14,"column":1}},"8":{"start":{"line":10,"column":4},"end":{"line":13,"column":7}},"9":{"start":{"line":12,"column":8},"end":{"line":12,"column":91}},"10":{"start":{"line":15,"column":0},"end":{"line":15,"column":20}}},"branchMap":{},"code":["\"use strict\";","Object.defineProperty(exports, \"__esModule\", { value: true });","var cli_1 = require(\"./support/cli\");","var typings_core_1 = require(\"typings-core\");","function help() {","    return \"\\ntypings list\\n\\nOptions:\\n  [--production] List only production dependencies (omit dev dependencies)\\n\\nAliases: la, ll, ls\\n\";","}","exports.help = help;","function exec(args, options) {","    return cli_1.spinner(typings_core_1.list(options))","        .then(function (tree) {","        console.log(cli_1.archifyDependencyTree({ tree: tree, unicode: options.unicode }));","    });","}","exports.exec = exec;","//# sourceMappingURL=bin-list.js.map"],"l":{"2":1,"3":1,"4":1,"5":1,"6":0,"8":1,"9":1,"10":0,"12":0,"15":1}},"/home/travis/build/npmtest/node-npmtest-typings/typings/dist/bin-search.js":{"path":"/home/travis/build/npmtest/node-npmtest-typings/typings/dist/bin-search.js","s":{"1":1,"2":1,"3":1,"4":1,"5":1,"6":0,"7":1,"8":1,"9":0,"10":0,"11":0,"12":0,"13":0,"14":0,"15":0,"16":0,"17":0,"18":0,"19":1},"b":{"1":[0,0]},"f":{"1":0,"2":0,"3":0},"fnMap":{"1":{"name":"help","line":6,"loc":{"start":{"line":6,"column":0},"end":{"line":6,"column":16}}},"2":{"name":"exec","line":10,"loc":{"start":{"line":10,"column":0},"end":{"line":10,"column":29}}},"3":{"name":"(anonymous_3)","line":14,"loc":{"start":{"line":14,"column":14},"end":{"line":14,"column":28}}}},"statementMap":{"1":{"start":{"line":2,"column":0},"end":{"line":2,"column":62}},"2":{"start":{"line":3,"column":0},"end":{"line":3,"column":37}},"3":{"start":{"line":4,"column":0},"end":{"line":4,"column":45}},"4":{"start":{"line":5,"column":0},"end":{"line":5,"column":37}},"5":{"start":{"line":6,"column":0},"end":{"line":8,"column":1}},"6":{"start":{"line":7,"column":4},"end":{"line":7,"column":547}},"7":{"start":{"line":9,"column":0},"end":{"line":9,"column":20}},"8":{"start":{"line":10,"column":0},"end":{"line":24,"column":1}},"9":{"start":{"line":11,"column":4},"end":{"line":11,"column":24}},"10":{"start":{"line":12,"column":4},"end":{"line":12,"column":145}},"11":{"start":{"line":13,"column":4},"end":{"line":23,"column":7}},"12":{"start":{"line":15,"column":8},"end":{"line":15,"column":51}},"13":{"start":{"line":16,"column":8},"end":{"line":19,"column":9}},"14":{"start":{"line":17,"column":12},"end":{"line":17,"column":55}},"15":{"start":{"line":18,"column":12},"end":{"line":18,"column":19}},"16":{"start":{"line":20,"column":8},"end":{"line":20,"column":66}},"17":{"start":{"line":21,"column":8},"end":{"line":21,"column":24}},"18":{"start":{"line":22,"column":8},"end":{"line":22,"column":40}},"19":{"start":{"line":25,"column":0},"end":{"line":25,"column":20}}},"branchMap":{"1":{"line":16,"type":"if","locations":[{"start":{"line":16,"column":8},"end":{"line":16,"column":8}},{"start":{"line":16,"column":8},"end":{"line":16,"column":8}}]}},"code":["\"use strict\";","Object.defineProperty(exports, \"__esModule\", { value: true });","var columnify = require(\"columnify\");","var typings_core_1 = require(\"typings-core\");","var cli_1 = require(\"./support/cli\");","function help() {","    return \"\\ntypings search [query]\\n\\nOptions:\\n  [--name] <name>     Search for definitions by exact name (E.g. only \\\"react\\\")\\n  [--source] <source> The registry mirror (E.g. \\\"npm\\\", \\\"bower\\\", \\\"env\\\", \\\"global\\\", \\\"dt\\\", ...)\\n  [--offset] <x>      Skip first \\\"x\\\" results (default: 0)\\n  [--limit] <x>       Limit to \\\"x\\\" results (default: 20, max: 100)\\n  [--order] <order>   Direction to sort results (default: \\\"asc\\\", enum: \\\"asc\\\" or \\\"desc\\\")\\n  [--sort] <column>   Order results by a column (E.g. \\\"versions\\\", \\\"name\\\", ...)\\n\";","}","exports.help = help;","function exec(args, options) {","    var query = args[0];","    var name = options.name, source = options.source, offset = options.offset, limit = options.limit, order = options.order, sort = options.sort;","    return cli_1.spinner(typings_core_1.search({ name: name, source: source, query: query, offset: offset, limit: limit, order: order, sort: sort }))","        .then(function (_a) {","        var results = _a.results, total = _a.total;","        if (total === 0) {","            console.log('No results found for search');","            return;","        }","        console.log(\"Viewing \" + results.length + \" of \" + total);","        console.log('');","        console.log(columnify(results));","    });","}","exports.exec = exec;","//# sourceMappingURL=bin-search.js.map"],"l":{"2":1,"3":1,"4":1,"5":1,"6":1,"7":0,"9":1,"10":1,"11":0,"12":0,"13":0,"15":0,"16":0,"17":0,"18":0,"20":0,"21":0,"22":0,"25":1}},"/home/travis/build/npmtest/node-npmtest-typings/typings/dist/bin-open.js":{"path":"/home/travis/build/npmtest/node-npmtest-typings/typings/dist/bin-open.js","s":{"1":1,"2":1,"3":1,"4":1,"5":0,"6":1,"7":1,"8":0,"9":0,"10":0,"11":0,"12":1},"b":{"1":[0,0]},"f":{"1":0,"2":0},"fnMap":{"1":{"name":"help","line":5,"loc":{"start":{"line":5,"column":0},"end":{"line":5,"column":16}}},"2":{"name":"exec","line":9,"loc":{"start":{"line":9,"column":0},"end":{"line":9,"column":20}}}},"statementMap":{"1":{"start":{"line":2,"column":0},"end":{"line":2,"column":62}},"2":{"start":{"line":3,"column":0},"end":{"line":3,"column":45}},"3":{"start":{"line":4,"column":0},"end":{"line":4,"column":37}},"4":{"start":{"line":5,"column":0},"end":{"line":7,"column":1}},"5":{"start":{"line":6,"column":4},"end":{"line":6,"column":120}},"6":{"start":{"line":8,"column":0},"end":{"line":8,"column":20}},"7":{"start":{"line":9,"column":0},"end":{"line":15,"column":1}},"8":{"start":{"line":10,"column":4},"end":{"line":13,"column":5}},"9":{"start":{"line":11,"column":8},"end":{"line":11,"column":31}},"10":{"start":{"line":12,"column":8},"end":{"line":12,"column":15}},"11":{"start":{"line":14,"column":4},"end":{"line":14,"column":46}},"12":{"start":{"line":16,"column":0},"end":{"line":16,"column":20}}},"branchMap":{"1":{"line":10,"type":"if","locations":[{"start":{"line":10,"column":4},"end":{"line":10,"column":4}},{"start":{"line":10,"column":4},"end":{"line":10,"column":4}}]}},"code":["\"use strict\";","Object.defineProperty(exports, \"__esModule\", { value: true });","var typings_core_1 = require(\"typings-core\");","var cli_1 = require(\"./support/cli\");","function help() {","    return \"\\ntypings open <location>\\n\\n  <location>  A known Typings location with scheme (see typings install -h)\\n\";","}","exports.help = help;","function exec(args) {","    if (args.length === 0) {","        cli_1.logError(help());","        return;","    }","    console.log(typings_core_1.open(args[0]));","}","exports.exec = exec;","//# sourceMappingURL=bin-open.js.map"],"l":{"2":1,"3":1,"4":1,"5":1,"6":0,"8":1,"9":1,"10":0,"11":0,"12":0,"14":0,"16":1}},"/home/travis/build/npmtest/node-npmtest-typings/typings/dist/bin-view.js":{"path":"/home/travis/build/npmtest/node-npmtest-typings/typings/dist/bin-view.js","s":{"1":1,"2":1,"3":1,"4":1,"5":1,"6":0,"7":1,"8":1,"9":0,"10":0,"11":0,"12":0,"13":0,"14":0,"15":0,"16":0,"17":1},"b":{"1":[0,0],"2":[0,0]},"f":{"1":0,"2":0,"3":0,"4":0},"fnMap":{"1":{"name":"help","line":6,"loc":{"start":{"line":6,"column":0},"end":{"line":6,"column":16}}},"2":{"name":"exec","line":10,"loc":{"start":{"line":10,"column":0},"end":{"line":10,"column":29}}},"3":{"name":"(anonymous_3)","line":17,"loc":{"start":{"line":17,"column":18},"end":{"line":17,"column":38}}},"4":{"name":"(anonymous_4)","line":20,"loc":{"start":{"line":20,"column":14},"end":{"line":20,"column":31}}}},"statementMap":{"1":{"start":{"line":2,"column":0},"end":{"line":2,"column":62}},"2":{"start":{"line":3,"column":0},"end":{"line":3,"column":37}},"3":{"start":{"line":4,"column":0},"end":{"line":4,"column":45}},"4":{"start":{"line":5,"column":0},"end":{"line":5,"column":37}},"5":{"start":{"line":6,"column":0},"end":{"line":8,"column":1}},"6":{"start":{"line":7,"column":4},"end":{"line":7,"column":166}},"7":{"start":{"line":9,"column":0},"end":{"line":9,"column":20}},"8":{"start":{"line":10,"column":0},"end":{"line":21,"column":1}},"9":{"start":{"line":11,"column":4},"end":{"line":14,"column":5}},"10":{"start":{"line":12,"column":8},"end":{"line":12,"column":31}},"11":{"start":{"line":13,"column":8},"end":{"line":13,"column":15}},"12":{"start":{"line":15,"column":4},"end":{"line":18,"column":5}},"13":{"start":{"line":16,"column":8},"end":{"line":17,"column":84}},"14":{"start":{"line":17,"column":40},"end":{"line":17,"column":80}},"15":{"start":{"line":19,"column":4},"end":{"line":20,"column":74}},"16":{"start":{"line":20,"column":33},"end":{"line":20,"column":70}},"17":{"start":{"line":22,"column":0},"end":{"line":22,"column":20}}},"branchMap":{"1":{"line":11,"type":"if","locations":[{"start":{"line":11,"column":4},"end":{"line":11,"column":4}},{"start":{"line":11,"column":4},"end":{"line":11,"column":4}}]},"2":{"line":15,"type":"if","locations":[{"start":{"line":15,"column":4},"end":{"line":15,"column":4}},{"start":{"line":15,"column":4},"end":{"line":15,"column":4}}]}},"code":["\"use strict\";","Object.defineProperty(exports, \"__esModule\", { value: true });","var columnify = require(\"columnify\");","var typings_core_1 = require(\"typings-core\");","var cli_1 = require(\"./support/cli\");","function help() {","    return \"\\ntypings view <pkg>\\n\\n  <pkg>  A registry expression like `[<source>~]<pkg>`\\n\\nOptions:\\n  [--versions]  List all package versions\\n\\nAliases: info\\n\";","}","exports.help = help;","function exec(args, options) {","    if (args.length === 0) {","        cli_1.logError(help());","        return;","    }","    if (options.versions) {","        return typings_core_1.viewVersions(args[0], options)","            .then(function (versions) { return console.log(columnify(versions)); });","    }","    return typings_core_1.viewEntry(args[0], options)","        .then(function (entry) { return console.log(columnify(entry)); });","}","exports.exec = exec;","//# sourceMappingURL=bin-view.js.map"],"l":{"2":1,"3":1,"4":1,"5":1,"6":1,"7":0,"9":1,"10":1,"11":0,"12":0,"13":0,"15":0,"16":0,"17":0,"19":0,"20":0,"22":1}},"/home/travis/build/npmtest/node-npmtest-typings/typings/dist/bin-prune.js":{"path":"/home/travis/build/npmtest/node-npmtest-typings/typings/dist/bin-prune.js","s":{"1":1,"2":1,"3":1,"4":1,"5":0,"6":1,"7":1,"8":0,"9":1},"b":{},"f":{"1":0,"2":0},"fnMap":{"1":{"name":"help","line":5,"loc":{"start":{"line":5,"column":0},"end":{"line":5,"column":16}}},"2":{"name":"exec","line":9,"loc":{"start":{"line":9,"column":0},"end":{"line":9,"column":29}}}},"statementMap":{"1":{"start":{"line":2,"column":0},"end":{"line":2,"column":62}},"2":{"start":{"line":3,"column":0},"end":{"line":3,"column":45}},"3":{"start":{"line":4,"column":0},"end":{"line":4,"column":37}},"4":{"start":{"line":5,"column":0},"end":{"line":7,"column":1}},"5":{"start":{"line":6,"column":4},"end":{"line":6,"column":100}},"6":{"start":{"line":8,"column":0},"end":{"line":8,"column":20}},"7":{"start":{"line":9,"column":0},"end":{"line":11,"column":1}},"8":{"start":{"line":10,"column":4},"end":{"line":10,"column":56}},"9":{"start":{"line":12,"column":0},"end":{"line":12,"column":20}}},"branchMap":{},"code":["\"use strict\";","Object.defineProperty(exports, \"__esModule\", { value: true });","var typings_core_1 = require(\"typings-core\");","var cli_1 = require(\"./support/cli\");","function help() {","    return \"\\ntypings prune\\n\\nOptions:\\n  [--production] Also prune non-production dependencies\\n\";","}","exports.help = help;","function exec(args, options) {","    return cli_1.spinner(typings_core_1.prune(options));","}","exports.exec = exec;","//# sourceMappingURL=bin-prune.js.map"],"l":{"2":1,"3":1,"4":1,"5":1,"6":0,"8":1,"9":1,"10":0,"12":1}}}